    Z      	  a(m)    	   a'    	  b(m) 	   b'

0E0	3E-4	9E-3	3E-4	9E-3
1E-5	3.0009E-4	9.001906E-3	3.0009E-4	9.001906E-3
2E-5	3.0018E-4	9.003811E-3	3.0018E-4	9.003811E-3
3E-5	3.002701E-4	9.005716E-3	3.002701E-4	9.005716E-3
4E-5	3.003602E-4	9.00762E-3	3.003602E-4	9.00762E-3
5E-5	3.004502E-4	9.009524E-3	3.004502E-4	9.009524E-3
6E-5	3.005403E-4	9.011427E-3	3.005403E-4	9.011427E-3
7E-5	3.006305E-4	9.01333E-3	3.006305E-4	9.01333E-3
8E-5	3.007206E-4	9.015232E-3	3.007206E-4	9.015232E-3
9E-5	3.008108E-4	9.017133E-3	3.008108E-4	9.017133E-3
1E-4	3.00901E-4	9.019034E-3	3.00901E-4	9.019034E-3
1.1E-4	3.009912E-4	9.020934E-3	3.009912E-4	9.020934E-3
1.2E-4	3.010814E-4	9.022834E-3	3.010814E-4	9.022834E-3
1.3E-4	3.011716E-4	9.024733E-3	3.011716E-4	9.024733E-3
1.4E-4	3.012619E-4	9.026632E-3	3.012619E-4	9.026632E-3
1.5E-4	3.013521E-4	9.02853E-3	3.013521E-4	9.02853E-3
1.6E-4	3.014424E-4	9.030427E-3	3.014424E-4	9.030427E-3
1.7E-4	3.015327E-4	9.032324E-3	3.015327E-4	9.032324E-3
1.8E-4	3.016231E-4	9.03422E-3	3.016231E-4	9.03422E-3
1.9E-4	3.017134E-4	9.036116E-3	3.017134E-4	9.036116E-3
2E-4	3.018038E-4	9.038011E-3	3.018038E-4	9.038011E-3
2.1E-4	3.018942E-4	9.039906E-3	3.018942E-4	9.039906E-3
2.2E-4	3.019846E-4	9.0418E-3	3.019846E-4	9.0418E-3
2.3E-4	3.02075E-4	9.043693E-3	3.02075E-4	9.043693E-3
2.4E-4	3.021655E-4	9.045586E-3	3.021655E-4	9.045586E-3
2.5E-4	3.022559E-4	9.047478E-3	3.022559E-4	9.047478E-3
2.6E-4	3.023464E-4	9.04937E-3	3.023464E-4	9.04937E-3
2.7E-4	3.024369E-4	9.051261E-3	3.024369E-4	9.051261E-3
2.8E-4	3.025275E-4	9.053152E-3	3.025275E-4	9.053152E-3
2.9E-4	3.02618E-4	9.055042E-3	3.02618E-4	9.055042E-3
3E-4	3.027086E-4	9.056931E-3	3.027086E-4	9.056931E-3
3.1E-4	3.027991E-4	9.05882E-3	3.027991E-4	9.05882E-3
3.2E-4	3.028897E-4	9.060709E-3	3.028897E-4	9.060709E-3
3.3E-4	3.029803E-4	9.062596E-3	3.029803E-4	9.062596E-3
3.4E-4	3.03071E-4	9.064484E-3	3.03071E-4	9.064484E-3
3.5E-4	3.031616E-4	9.06637E-3	3.031616E-4	9.06637E-3
3.6E-4	3.032523E-4	9.068256E-3	3.032523E-4	9.068256E-3
3.7E-4	3.03343E-4	9.070142E-3	3.03343E-4	9.070142E-3
3.8E-4	3.034337E-4	9.072027E-3	3.034337E-4	9.072027E-3
3.9E-4	3.035244E-4	9.073911E-3	3.035244E-4	9.073911E-3
4E-4	3.036152E-4	9.075795E-3	3.036152E-4	9.075795E-3
4.1E-4	3.03706E-4	9.077678E-3	3.03706E-4	9.077678E-3
4.2E-4	3.037967E-4	9.079561E-3	3.037967E-4	9.079561E-3
4.3E-4	3.038875E-4	9.081443E-3	3.038875E-4	9.081443E-3
4.4E-4	3.039784E-4	9.083325E-3	3.039784E-4	9.083325E-3
4.5E-4	3.040692E-4	9.085206E-3	3.040692E-4	9.085206E-3
4.6E-4	3.041601E-4	9.087086E-3	3.041601E-4	9.087086E-3
4.7E-4	3.04251E-4	9.088966E-3	3.04251E-4	9.088966E-3
4.8E-4	3.043419E-4	9.090846E-3	3.043419E-4	9.090846E-3
4.9E-4	3.044328E-4	9.092724E-3	3.044328E-4	9.092724E-3
5E-4	3.045237E-4	9.094603E-3	3.045237E-4	9.094603E-3
5.1E-4	3.046147E-4	9.09648E-3	3.046147E-4	9.09648E-3
5.2E-4	3.047056E-4	9.098357E-3	3.047056E-4	9.098357E-3
5.3E-4	3.047966E-4	9.100234E-3	3.047966E-4	9.100234E-3
5.4E-4	3.048876E-4	9.10211E-3	3.048876E-4	9.10211E-3
5.5E-4	3.049787E-4	9.103985E-3	3.049787E-4	9.103985E-3
5.6E-4	3.050697E-4	9.10586E-3	3.050697E-4	9.10586E-3
5.7E-4	3.051608E-4	9.107734E-3	3.051608E-4	9.107734E-3
5.8E-4	3.052519E-4	9.109608E-3	3.052519E-4	9.109608E-3
5.9E-4	3.05343E-4	9.111481E-3	3.05343E-4	9.111481E-3
6E-4	3.054341E-4	9.113354E-3	3.054341E-4	9.113354E-3
6.1E-4	3.055253E-4	9.115226E-3	3.055253E-4	9.115226E-3
6.2E-4	3.056164E-4	9.117098E-3	3.056164E-4	9.117098E-3
6.3E-4	3.057076E-4	9.118968E-3	3.057076E-4	9.118968E-3
6.4E-4	3.057988E-4	9.120839E-3	3.057988E-4	9.120839E-3
6.5E-4	3.0589E-4	9.122709E-3	3.0589E-4	9.122709E-3
6.6E-4	3.059812E-4	9.124578E-3	3.059812E-4	9.124578E-3
6.7E-4	3.060725E-4	9.126447E-3	3.060725E-4	9.126447E-3
6.8E-4	3.061638E-4	9.128315E-3	3.061638E-4	9.128315E-3
6.9E-4	3.062551E-4	9.130182E-3	3.062551E-4	9.130182E-3
7E-4	3.063464E-4	9.132049E-3	3.063464E-4	9.132049E-3
7.1E-4	3.064377E-4	9.133916E-3	3.064377E-4	9.133916E-3
7.2E-4	3.065291E-4	9.135782E-3	3.065291E-4	9.135782E-3
7.3E-4	3.066204E-4	9.137647E-3	3.066204E-4	9.137647E-3
7.4E-4	3.067118E-4	9.139512E-3	3.067118E-4	9.139512E-3
7.5E-4	3.068032E-4	9.141376E-3	3.068032E-4	9.141376E-3
7.6E-4	3.068946E-4	9.14324E-3	3.068946E-4	9.14324E-3
7.7E-4	3.069861E-4	9.145103E-3	3.069861E-4	9.145103E-3
7.8E-4	3.070775E-4	9.146966E-3	3.070775E-4	9.146966E-3
7.9E-4	3.07169E-4	9.148828E-3	3.07169E-4	9.148828E-3
8E-4	3.072605E-4	9.150689E-3	3.072605E-4	9.150689E-3
8.1E-4	3.07352E-4	9.15255E-3	3.07352E-4	9.15255E-3
8.2E-4	3.074436E-4	9.154411E-3	3.074436E-4	9.154411E-3
8.3E-4	3.075351E-4	9.15627E-3	3.075351E-4	9.15627E-3
8.4E-4	3.076267E-4	9.15813E-3	3.076267E-4	9.15813E-3
8.5E-4	3.077183E-4	9.159988E-3	3.077183E-4	9.159988E-3
8.6E-4	3.078099E-4	9.161847E-3	3.078099E-4	9.161847E-3
8.7E-4	3.079015E-4	9.163704E-3	3.079015E-4	9.163704E-3
8.8E-4	3.079932E-4	9.165561E-3	3.079932E-4	9.165561E-3
8.9E-4	3.080848E-4	9.167418E-3	3.080848E-4	9.167418E-3
9E-4	3.081765E-4	9.169274E-3	3.081765E-4	9.169274E-3
9.1E-4	3.082682E-4	9.171129E-3	3.082682E-4	9.171129E-3
9.2E-4	3.083599E-4	9.172984E-3	3.083599E-4	9.172984E-3
9.3E-4	3.084517E-4	9.174838E-3	3.084517E-4	9.174838E-3
9.4E-4	3.085434E-4	9.176692E-3	3.085434E-4	9.176692E-3
9.5E-4	3.086352E-4	9.178545E-3	3.086352E-4	9.178545E-3
9.6E-4	3.08727E-4	9.180398E-3	3.08727E-4	9.180398E-3
9.7E-4	3.088188E-4	9.18225E-3	3.088188E-4	9.18225E-3
9.8E-4	3.089106E-4	9.184102E-3	3.089106E-4	9.184102E-3
9.9E-4	3.090025E-4	9.185953E-3	3.090025E-4	9.185953E-3
1E-3	3.090944E-4	9.187803E-3	3.090944E-4	9.187803E-3
1.0159E-3	3.092356E-4	8.581355E-3	3.092453E-4	9.800139E-3
1.0318E-3	3.093673E-4	7.974637E-3	3.09406E-4	1.041278E-2
1.0477E-3	3.094892E-4	7.367668E-3	3.095765E-4	1.102575E-2
1.0636E-3	3.096015E-4	6.760466E-3	3.097566E-4	1.163906E-2
1.0795E-3	3.097042E-4	6.153051E-3	3.099466E-4	1.225273E-2
1.0954E-3	3.097972E-4	5.545442E-3	3.101463E-4	1.286679E-2
1.1113E-3	3.098806E-4	4.937657E-3	3.103557E-4	1.348125E-2
1.1272E-3	3.099542E-4	4.329717E-3	3.10575E-4	1.409613E-2
1.1431E-3	3.100182E-4	3.721639E-3	3.10804E-4	1.471145E-2
1.159E-3	3.100726E-4	3.113444E-3	3.110428E-4	1.532723E-2
1.1749E-3	3.101172E-4	2.505149E-3	3.112914E-4	1.594349E-2
1.1908E-3	3.101522E-4	1.896775E-3	3.115498E-4	1.656025E-2
1.2067E-3	3.101776E-4	1.288339E-3	3.11818E-4	1.717752E-2
1.2226E-3	3.101932E-4	6.798622E-4	3.120961E-4	1.779533E-2
1.2385E-3	3.101992E-4	7.136249E-5	3.123839E-4	1.84137E-2
1.2544E-3	3.101955E-4	-5.371409E-4	3.126816E-4	1.903265E-2
1.2703E-3	3.101821E-4	-1.145629E-3	3.129892E-4	1.965219E-2
1.2862E-3	3.10159E-4	-1.754082E-3	3.133066E-4	2.027234E-2
1.3021E-3	3.101263E-4	-2.362482E-3	3.136338E-4	2.089313E-2
1.318E-3	3.100839E-4	-2.970809E-3	3.13971E-4	2.151457E-2
1.3339E-3	3.100318E-4	-3.579044E-3	3.14318E-4	2.213668E-2
1.3498E-3	3.099701E-4	-4.187169E-3	3.146749E-4	2.275949E-2
1.3657E-3	3.098987E-4	-4.795164E-3	3.150417E-4	2.338301E-2
1.3816E-3	3.098176E-4	-5.40301E-3	3.154185E-4	2.400726E-2
1.3975E-3	3.097269E-4	-6.010687E-3	3.158052E-4	2.463226E-2
1.4134E-3	3.096265E-4	-6.618178E-3	3.162018E-4	2.525803E-2
1.4293E-3	3.095164E-4	-7.225463E-3	3.166084E-4	2.588459E-2
1.4452E-3	3.093967E-4	-7.832523E-3	3.170249E-4	2.651196E-2
1.4611E-3	3.092674E-4	-8.439339E-3	3.174515E-4	2.714016E-2
1.477E-3	3.091283E-4	-9.045891E-3	3.17888E-4	2.776921E-2
1.4929E-3	3.089797E-4	-9.652162E-3	3.183345E-4	2.839913E-2
1.5088E-3	3.088214E-4	-1.025813E-2	3.187911E-4	2.902994E-2
1.5247E-3	3.086535E-4	-1.086378E-2	3.192577E-4	2.966166E-2
1.5406E-3	3.084759E-4	-1.146909E-2	3.197343E-4	3.02943E-2
1.5565E-3	3.082888E-4	-1.207404E-2	3.202211E-4	3.092789E-2
1.5724E-3	3.08092E-4	-1.267862E-2	3.207179E-4	3.156245E-2
1.5883E-3	3.078856E-4	-1.32828E-2	3.212248E-4	3.2198E-2
1.6042E-3	3.076696E-4	-1.388656E-2	3.217418E-4	3.283456E-2
1.6201E-3	3.07444E-4	-1.448989E-2	3.222689E-4	3.347214E-2
1.636E-3	3.072088E-4	-1.509277E-2	3.228062E-4	3.411077E-2
1.6519E-3	3.069641E-4	-1.569517E-2	3.233536E-4	3.475047E-2
1.6678E-3	3.067097E-4	-1.629709E-2	3.239113E-4	3.539126E-2
1.6837E-3	3.064458E-4	-1.68985E-2	3.244791E-4	3.603315E-2
1.6996E-3	3.061723E-4	-1.749937E-2	3.250571E-4	3.667617E-2
1.7155E-3	3.058893E-4	-1.80997E-2	3.256454E-4	3.732034E-2
1.7314E-3	3.055968E-4	-1.869947E-2	3.262439E-4	3.796568E-2
1.7473E-3	3.052947E-4	-1.929865E-2	3.268527E-4	3.861221E-2
1.7632E-3	3.049831E-4	-1.989723E-2	3.274718E-4	3.925995E-2
1.7791E-3	3.04662E-4	-2.049518E-2	3.281012E-4	3.990891E-2
1.795E-3	3.043313E-4	-2.10925E-2	3.287409E-4	4.055912E-2
1.8109E-3	3.039912E-4	-2.168915E-2	3.29391E-4	4.121061E-2
1.8268E-3	3.036416E-4	-2.228513E-2	3.300514E-4	4.186338E-2
1.8427E-3	3.032826E-4	-2.288041E-2	3.307222E-4	4.251747E-2
1.8586E-3	3.02914E-4	-2.347497E-2	3.314035E-4	4.317288E-2
1.8745E-3	3.025361E-4	-2.40688E-2	3.320951E-4	4.382965E-2
1.8904E-3	3.021487E-4	-2.466187E-2	3.327972E-4	4.448779E-2
1.9063E-3	3.017518E-4	-2.525418E-2	3.335098E-4	4.514732E-2
1.9222E-3	3.013456E-4	-2.584569E-2	3.342329E-4	4.580827E-2
1.9381E-3	3.009299E-4	-2.64364E-2	3.349666E-4	4.647065E-2
1.954E-3	3.005049E-4	-2.702628E-2	3.357107E-4	4.713448E-2
1.9699E-3	3.000705E-4	-2.761531E-2	3.364654E-4	4.779979E-2
1.9858E-3	2.996267E-4	-2.820348E-2	3.372308E-4	4.84666E-2
2.0017E-3	2.991736E-4	-2.879077E-2	3.380067E-4	4.913492E-2
2.0176E-3	2.987112E-4	-2.937715E-2	3.387933E-4	4.980479E-2
2.0335E-3	2.982394E-4	-2.996262E-2	3.395905E-4	5.047621E-2
2.0494E-3	2.977584E-4	-3.054715E-2	3.403984E-4	5.114921E-2
2.0653E-3	2.972681E-4	-3.113072E-2	3.41217E-4	5.182382E-2
2.0812E-3	2.967684E-4	-3.171332E-2	3.420464E-4	5.250004E-2
2.0971E-3	2.962596E-4	-3.229493E-2	3.428866E-4	5.317791E-2
2.113E-3	2.957415E-4	-3.287552E-2	3.437375E-4	5.385745E-2
2.1289E-3	2.952141E-4	-3.345509E-2	3.445992E-4	5.453867E-2
2.1448E-3	2.946776E-4	-3.403361E-2	3.454718E-4	5.52216E-2
2.1607E-3	2.941319E-4	-3.461107E-2	3.463553E-4	5.590626E-2
2.1766E-3	2.93577E-4	-3.518744E-2	3.472496E-4	5.659267E-2
2.1925E-3	2.930129E-4	-3.576271E-2	3.481549E-4	5.728086E-2
2.2084E-3	2.924397E-4	-3.633686E-2	3.490712E-4	5.797083E-2
2.2243E-3	2.918574E-4	-3.690987E-2	3.499984E-4	5.866262E-2
2.2402E-3	2.91266E-4	-3.748173E-2	3.509367E-4	5.935625E-2
2.2561E-3	2.906655E-4	-3.805242E-2	3.51886E-4	6.005174E-2
2.272E-3	2.900559E-4	-3.862191E-2	3.528463E-4	6.074911E-2
2.2879E-3	2.894373E-4	-3.91902E-2	3.538178E-4	6.144838E-2
2.3038E-3	2.888097E-4	-3.975726E-2	3.548004E-4	6.214957E-2
2.3197E-3	2.881731E-4	-4.032307E-2	3.557942E-4	6.285271E-2
2.3356E-3	2.875274E-4	-4.088763E-2	3.567991E-4	6.355782E-2
2.3515E-3	2.868728E-4	-4.14509E-2	3.578153E-4	6.426492E-2
2.3674E-3	2.862093E-4	-4.201287E-2	3.588428E-4	6.497403E-2
2.3833E-3	2.855368E-4	-4.257353E-2	3.598815E-4	6.568518E-2
2.3992E-3	2.848555E-4	-4.313286E-2	3.609316E-4	6.639838E-2
2.4151E-3	2.841652E-4	-4.369084E-2	3.61993E-4	6.711366E-2
2.431E-3	2.834661E-4	-4.424745E-2	3.630658E-4	6.783105E-2
2.4469E-3	2.827582E-4	-4.480267E-2	3.6415E-4	6.855055E-2
2.4628E-3	2.820414E-4	-4.535649E-2	3.652457E-4	6.927221E-2
2.4787E-3	2.813158E-4	-4.59089E-2	3.663529E-4	6.999603E-2
2.4946E-3	2.805815E-4	-4.645986E-2	3.674716E-4	7.072205E-2
2.5105E-3	2.798384E-4	-4.700937E-2	3.686019E-4	7.145028E-2
2.5264E-3	2.790866E-4	-4.755741E-2	3.697437E-4	7.218075E-2
2.5423E-3	2.783261E-4	-4.810396E-2	3.708972E-4	7.291348E-2
2.5582E-3	2.775569E-4	-4.864901E-2	3.720624E-4	7.364849E-2
2.5741E-3	2.767791E-4	-4.919253E-2	3.732392E-4	7.438581E-2
2.59E-3	2.759926E-4	-4.973451E-2	3.744279E-4	7.512546E-2
2.64E-3	2.735061E-4	-4.972573E-2	3.781843E-4	7.513424E-2
2.69E-3	2.7102E-4	-4.971696E-2	3.819413E-4	7.514301E-2
2.74E-3	2.685344E-4	-4.970821E-2	3.856987E-4	7.515176E-2
2.79E-3	2.660492E-4	-4.969948E-2	3.894565E-4	7.516049E-2
2.84E-3	2.635644E-4	-4.969076E-2	3.932147E-4	7.516921E-2
2.89E-3	2.610801E-4	-4.968206E-2	3.969734E-4	7.517791E-2
2.94E-3	2.585962E-4	-4.967338E-2	4.007325E-4	7.518659E-2
2.99E-3	2.561128E-4	-4.966471E-2	4.04492E-4	7.519525E-2
3.04E-3	2.536298E-4	-4.965607E-2	4.08252E-4	7.52039E-2
3.09E-3	2.511472E-4	-4.964743E-2	4.120124E-4	7.521253E-2
3.14E-3	2.48665E-4	-4.963882E-2	4.157733E-4	7.522115E-2
3.19E-3	2.461833E-4	-4.963022E-2	4.195345E-4	7.522975E-2
3.24E-3	2.43702E-4	-4.962164E-2	4.232962E-4	7.523833E-2
3.29E-3	2.412211E-4	-4.961307E-2	4.270584E-4	7.52469E-2
3.34E-3	2.387407E-4	-4.960452E-2	4.308209E-4	7.525545E-2
3.39E-3	2.362607E-4	-4.959599E-2	4.345839E-4	7.526398E-2
3.44E-3	2.337811E-4	-4.958747E-2	4.383473E-4	7.527249E-2
3.49E-3	2.313019E-4	-4.957897E-2	4.421112E-4	7.528099E-2
3.54E-3	2.288232E-4	-4.957049E-2	4.458754E-4	7.528948E-2
3.59E-3	2.263449E-4	-4.956202E-2	4.496401E-4	7.529795E-2
3.64E-3	2.23867E-4	-4.955356E-2	4.534052E-4	7.53064E-2
3.69E-3	2.213895E-4	-4.954513E-2	4.571708E-4	7.531483E-2
3.74E-3	2.189125E-4	-4.953671E-2	4.609367E-4	7.532325E-2
3.79E-3	2.164359E-4	-4.95283E-2	4.647031E-4	7.533166E-2
3.84E-3	2.139596E-4	-4.951992E-2	4.684699E-4	7.534004E-2
3.89E-3	2.114839E-4	-4.951154E-2	4.722371E-4	7.534842E-2
3.94E-3	2.090085E-4	-4.950319E-2	4.760047E-4	7.535677E-2
3.99E-3	2.065335E-4	-4.949485E-2	4.797728E-4	7.536511E-2
4.04E-3	2.04059E-4	-4.948652E-2	4.835412E-4	7.537344E-2
4.09E-3	2.015849E-4	-4.947821E-2	4.873101E-4	7.538175E-2
4.14E-3	1.991112E-4	-4.946992E-2	4.910794E-4	7.539004E-2
4.19E-3	1.966379E-4	-4.946164E-2	4.948491E-4	7.539832E-2
4.24E-3	1.94165E-4	-4.945337E-2	4.986192E-4	7.540658E-2
4.29E-3	1.916926E-4	-4.944513E-2	5.023898E-4	7.541483E-2
4.34E-3	1.892205E-4	-4.943689E-2	5.061607E-4	7.542306E-2
4.39E-3	1.867489E-4	-4.942868E-2	5.099321E-4	7.543127E-2
4.44E-3	1.842776E-4	-4.942047E-2	5.137038E-4	7.543948E-2
4.49E-3	1.818068E-4	-4.941229E-2	5.17476E-4	7.544766E-2
4.54E-3	1.793364E-4	-4.940412E-2	5.212486E-4	7.545583E-2
4.59E-3	1.768664E-4	-4.939596E-2	5.250216E-4	7.546399E-2
4.64E-3	1.743968E-4	-4.938782E-2	5.28795E-4	7.547213E-2
4.69E-3	1.719276E-4	-4.937969E-2	5.325688E-4	7.548025E-2
4.74E-3	1.694588E-4	-4.937158E-2	5.36343E-4	7.548836E-2
4.79E-3	1.669905E-4	-4.936349E-2	5.401176E-4	7.549646E-2
4.84E-3	1.645225E-4	-4.93554E-2	5.438927E-4	7.550454E-2
4.89E-3	1.620549E-4	-4.934734E-2	5.476681E-4	7.55126E-2
4.94E-3	1.595878E-4	-4.933929E-2	5.514439E-4	7.552065E-2
4.99E-3	1.57121E-4	-4.933125E-2	5.552202E-4	7.552869E-2
5.04E-3	1.546546E-4	-4.932323E-2	5.589968E-4	7.553671E-2
5.09E-3	1.521887E-4	-4.931522E-2	5.627738E-4	7.554471E-2
5.14E-3	1.497231E-4	-4.930722E-2	5.665513E-4	7.55527E-2
5.19E-3	1.47258E-4	-4.929925E-2	5.703291E-4	7.556068E-2
5.24E-3	1.447932E-4	-4.929128E-2	5.741073E-4	7.556864E-2
5.29E-3	1.423288E-4	-4.928333E-2	5.77886E-4	7.557659E-2
5.34E-3	1.398649E-4	-4.92754E-2	5.81665E-4	7.558452E-2
5.39E-3	1.374013E-4	-4.926748E-2	5.854444E-4	7.559244E-2
5.44E-3	1.349381E-4	-4.925957E-2	5.892242E-4	7.560035E-2
5.49E-3	1.324753E-4	-4.925168E-2	5.930045E-4	7.560824E-2
5.54E-3	1.300129E-4	-4.92438E-2	5.967851E-4	7.561611E-2
5.59E-3	1.27551E-4	-4.923593E-2	6.005661E-4	7.562397E-2
5.64E-3	1.250893E-4	-4.922808E-2	6.043475E-4	7.563182E-2
5.69E-3	1.226281E-4	-4.922025E-2	6.081293E-4	7.563965E-2
5.74E-3	1.201673E-4	-4.921242E-2	6.119114E-4	7.564747E-2
5.79E-3	1.177069E-4	-4.920461E-2	6.15694E-4	7.565527E-2
5.84E-3	1.152469E-4	-4.919682E-2	6.19477E-4	7.566306E-2
5.89E-3	1.127872E-4	-4.918904E-2	6.232603E-4	7.567084E-2
5.94E-3	1.10328E-4	-4.918127E-2	6.27044E-4	7.56786E-2
5.99E-3	1.078691E-4	-4.917352E-2	6.308282E-4	7.568635E-2
6.04E-3	1.054106E-4	-4.916578E-2	6.346127E-4	7.569409E-2
6.09E-3	1.029525E-4	-4.915805E-2	6.383976E-4	7.570181E-2
6.14E-3	1.004948E-4	-4.915034E-2	6.421829E-4	7.570951E-2
6.19E-3	9.803748E-5	-4.914263E-2	6.459685E-4	7.571721E-2
6.24E-3	9.558054E-5	-4.913495E-2	6.497546E-4	7.572489E-2
6.29E-3	9.312398E-5	-4.912727E-2	6.53541E-4	7.573255E-2
6.34E-3	9.066781E-5	-4.911961E-2	6.573278E-4	7.57402E-2
6.39E-3	8.821202E-5	-4.911196E-2	6.61115E-4	7.574784E-2
6.44E-3	8.575661E-5	-4.910433E-2	6.649026E-4	7.575547E-2
6.49E-3	8.330159E-5	-4.90967E-2	6.686906E-4	7.576308E-2
6.54E-3	8.084694E-5	-4.908909E-2	6.724789E-4	7.577068E-2
6.59E-3	7.839268E-5	-4.908149E-2	6.762676E-4	7.577826E-2
6.64E-3	7.593879E-5	-4.907391E-2	6.800567E-4	7.578583E-2
6.69E-3	7.348529E-5	-4.906633E-2	6.838462E-4	7.579339E-2
6.74E-3	7.103216E-5	-4.905877E-2	6.876361E-4	7.580094E-2
6.79E-3	6.857941E-5	-4.905122E-2	6.914263E-4	7.580847E-2
6.84E-3	6.612704E-5	-4.904368E-2	6.952169E-4	7.581598E-2
6.89E-3	6.367504E-5	-4.903614E-2	6.990079E-4	7.582349E-2
6.94E-3	6.122342E-5	-4.902862E-2	7.027993E-4	7.583098E-2
6.99E-3	5.877218E-5	-4.902111E-2	7.06591E-4	7.583846E-2
7.04E-3	5.632131E-5	-4.901361E-2	7.103831E-4	7.584592E-2
7.09E-3	5.387082E-5	-4.900611E-2	7.141756E-4	7.585338E-2
7.14E-3	5.14207E-5	-4.899863E-2	7.179685E-4	7.586082E-2
7.19E-3	4.897096E-5	-4.899114E-2	7.217617E-4	7.586824E-2
7.24E-3	4.652159E-5	-4.898366E-2	7.255553E-4	7.587565E-2
7.29E-3	4.407259E-5	-4.897618E-2	7.293493E-4	7.588305E-2
7.34E-3	4.162397E-5	-4.896871E-2	7.331436E-4	7.589044E-2
7.39E-3	3.917572E-5	-4.896122E-2	7.369383E-4	7.589782E-2
7.44E-3	3.672785E-5	-4.895373E-2	7.407334E-4	7.590518E-2
7.49E-3	3.428035E-5	-4.894622E-2	7.445288E-4	7.591253E-2
7.54E-3	3.183323E-5	-4.893868E-2	7.483246E-4	7.591986E-2
7.59E-3	2.938648E-5	-4.893111E-2	7.521208E-4	7.592719E-2
