    Z      	  a(m)    	   a'    	  b(m) 	   b'
0E0	2.5E-4	5E-3	2.5E-4	-5E-3
1E-5	2.5005E-4	5.002541E-3	2.4995E-4	-4.997458E-3
2E-5	2.501001E-4	5.005083E-3	2.499001E-4	-4.994917E-3
3E-5	2.501501E-4	5.007624E-3	2.498501E-4	-4.992375E-3
4E-5	2.502002E-4	5.010165E-3	2.498002E-4	-4.989833E-3
5E-5	2.502503E-4	5.012705E-3	2.497503E-4	-4.987291E-3
6E-5	2.503005E-4	5.015246E-3	2.497005E-4	-4.984748E-3
7E-5	2.503506E-4	5.017786E-3	2.496506E-4	-4.982206E-3
8E-5	2.504008E-4	5.020327E-3	2.496008E-4	-4.979663E-3
9E-5	2.50451E-4	5.022867E-3	2.49551E-4	-4.977121E-3
1E-4	2.505013E-4	5.025407E-3	2.495013E-4	-4.974578E-3
1.1E-4	2.505515E-4	5.027947E-3	2.494515E-4	-4.972035E-3
1.2E-4	2.506018E-4	5.030487E-3	2.494018E-4	-4.969492E-3
1.3E-4	2.506521E-4	5.033026E-3	2.493521E-4	-4.966948E-3
1.4E-4	2.507025E-4	5.035565E-3	2.493025E-4	-4.964405E-3
1.5E-4	2.507529E-4	5.038105E-3	2.492529E-4	-4.961861E-3
1.6E-4	2.508033E-4	5.040644E-3	2.492033E-4	-4.959317E-3
1.7E-4	2.508537E-4	5.043183E-3	2.491537E-4	-4.956773E-3
1.8E-4	2.509041E-4	5.045721E-3	2.491041E-4	-4.954229E-3
1.9E-4	2.509546E-4	5.04826E-3	2.490546E-4	-4.951685E-3
2E-4	2.510051E-4	5.050798E-3	2.490051E-4	-4.949141E-3
2.1E-4	2.510556E-4	5.053337E-3	2.489556E-4	-4.946596E-3
2.2E-4	2.511061E-4	5.055875E-3	2.489062E-4	-4.944051E-3
2.3E-4	2.511567E-4	5.058413E-3	2.488567E-4	-4.941506E-3
2.4E-4	2.512073E-4	5.060951E-3	2.488073E-4	-4.938961E-3
2.5E-4	2.512579E-4	5.063488E-3	2.487579E-4	-4.936416E-3
2.6E-4	2.513086E-4	5.066026E-3	2.487086E-4	-4.933871E-3
2.7E-4	2.513593E-4	5.068563E-3	2.486593E-4	-4.931326E-3
2.8E-4	2.5141E-4	5.0711E-3	2.4861E-4	-4.92878E-3
2.9E-4	2.514607E-4	5.073638E-3	2.485607E-4	-4.926234E-3
3E-4	2.515114E-4	5.076174E-3	2.485114E-4	-4.923688E-3
3.1E-4	2.515622E-4	5.078711E-3	2.484622E-4	-4.921142E-3
3.2E-4	2.51613E-4	5.081248E-3	2.48413E-4	-4.918596E-3
3.3E-4	2.516638E-4	5.083784E-3	2.483638E-4	-4.91605E-3
3.4E-4	2.517147E-4	5.08632E-3	2.483147E-4	-4.913503E-3
3.5E-4	2.517656E-4	5.088856E-3	2.482656E-4	-4.910957E-3
3.6E-4	2.518165E-4	5.091392E-3	2.482165E-4	-4.90841E-3
3.7E-4	2.518674E-4	5.093928E-3	2.481674E-4	-4.905863E-3
3.8E-4	2.519183E-4	5.096464E-3	2.481184E-4	-4.903316E-3
3.9E-4	2.519693E-4	5.098999E-3	2.480693E-4	-4.900769E-3
4E-4	2.520203E-4	5.101535E-3	2.480203E-4	-4.898222E-3
4.1E-4	2.520713E-4	5.10407E-3	2.479714E-4	-4.895674E-3
4.2E-4	2.521224E-4	5.106605E-3	2.479224E-4	-4.893127E-3
4.3E-4	2.521735E-4	5.109139E-3	2.478735E-4	-4.890579E-3
4.4E-4	2.522246E-4	5.111674E-3	2.478246E-4	-4.888031E-3
4.5E-4	2.522757E-4	5.114209E-3	2.477758E-4	-4.885483E-3
4.6E-4	2.523269E-4	5.116743E-3	2.477269E-4	-4.882935E-3
4.7E-4	2.52378E-4	5.119277E-3	2.476781E-4	-4.880386E-3
4.8E-4	2.524292E-4	5.121811E-3	2.476293E-4	-4.877838E-3
4.9E-4	2.524805E-4	5.124345E-3	2.475805E-4	-4.875289E-3
5E-4	2.525317E-4	5.126879E-3	2.475318E-4	-4.87274E-3
5.1E-4	2.52583E-4	5.129412E-3	2.474831E-4	-4.870191E-3
5.2E-4	2.526343E-4	5.131946E-3	2.474344E-4	-4.867642E-3
5.3E-4	2.526857E-4	5.134479E-3	2.473857E-4	-4.865093E-3
5.4E-4	2.52737E-4	5.137012E-3	2.473371E-4	-4.862544E-3
5.5E-4	2.527884E-4	5.139545E-3	2.472885E-4	-4.859994E-3
5.6E-4	2.528398E-4	5.142077E-3	2.472399E-4	-4.857445E-3
5.7E-4	2.528912E-4	5.14461E-3	2.471913E-4	-4.854895E-3
5.8E-4	2.529427E-4	5.147142E-3	2.471428E-4	-4.852345E-3
5.9E-4	2.529942E-4	5.149675E-3	2.470943E-4	-4.849795E-3
6E-4	2.530457E-4	5.152207E-3	2.470458E-4	-4.847245E-3
6.1E-4	2.530972E-4	5.154738E-3	2.469973E-4	-4.844694E-3
6.2E-4	2.531488E-4	5.15727E-3	2.469489E-4	-4.842144E-3
6.3E-4	2.532004E-4	5.159802E-3	2.469005E-4	-4.839593E-3
6.4E-4	2.53252E-4	5.162333E-3	2.468521E-4	-4.837043E-3
6.5E-4	2.533036E-4	5.164864E-3	2.468038E-4	-4.834492E-3
6.6E-4	2.533553E-4	5.167396E-3	2.467554E-4	-4.831941E-3
6.7E-4	2.53407E-4	5.169926E-3	2.467071E-4	-4.82939E-3
6.8E-4	2.534587E-4	5.172457E-3	2.466588E-4	-4.826838E-3
6.9E-4	2.535104E-4	5.174988E-3	2.466106E-4	-4.824287E-3
7E-4	2.535622E-4	5.177518E-3	2.465624E-4	-4.821735E-3
7.1E-4	2.53614E-4	5.180048E-3	2.465141E-4	-4.819183E-3
7.2E-4	2.536658E-4	5.182579E-3	2.46466E-4	-4.816632E-3
7.3E-4	2.537176E-4	5.185108E-3	2.464178E-4	-4.81408E-3
7.4E-4	2.537695E-4	5.187638E-3	2.463697E-4	-4.811527E-3
7.5E-4	2.538214E-4	5.190168E-3	2.463216E-4	-4.808975E-3
7.6E-4	2.538733E-4	5.192697E-3	2.462735E-4	-4.806423E-3
7.7E-4	2.539252E-4	5.195226E-3	2.462255E-4	-4.80387E-3
7.8E-4	2.539772E-4	5.197756E-3	2.461774E-4	-4.801317E-3
7.9E-4	2.540292E-4	5.200284E-3	2.461294E-4	-4.798765E-3
8E-4	2.540812E-4	5.202813E-3	2.460815E-4	-4.796212E-3
8.1E-4	2.541332E-4	5.205342E-3	2.460335E-4	-4.793658E-3
8.2E-4	2.541853E-4	5.20787E-3	2.459856E-4	-4.791105E-3
8.3E-4	2.542374E-4	5.210399E-3	2.459377E-4	-4.788552E-3
8.4E-4	2.542895E-4	5.212927E-3	2.458898E-4	-4.785998E-3
8.5E-4	2.543417E-4	5.215455E-3	2.45842E-4	-4.783445E-3
8.6E-4	2.543938E-4	5.217982E-3	2.457941E-4	-4.780891E-3
8.7E-4	2.54446E-4	5.22051E-3	2.457463E-4	-4.778337E-3
8.8E-4	2.544982E-4	5.223037E-3	2.456986E-4	-4.775783E-3
8.9E-4	2.545505E-4	5.225564E-3	2.456508E-4	-4.773229E-3
9E-4	2.546027E-4	5.228092E-3	2.456031E-4	-4.770674E-3
9.1E-4	2.54655E-4	5.230618E-3	2.455554E-4	-4.76812E-3
9.2E-4	2.547074E-4	5.233145E-3	2.455077E-4	-4.765565E-3
9.3E-4	2.547597E-4	5.235672E-3	2.454601E-4	-4.76301E-3
9.4E-4	2.548121E-4	5.238198E-3	2.454125E-4	-4.760456E-3
9.5E-4	2.548645E-4	5.240724E-3	2.453649E-4	-4.757901E-3
9.6E-4	2.549169E-4	5.24325E-3	2.453173E-4	-4.755345E-3
9.7E-4	2.549693E-4	5.245776E-3	2.452698E-4	-4.75279E-3
9.8E-4	2.550218E-4	5.248302E-3	2.452223E-4	-4.750235E-3
9.9E-4	2.550743E-4	5.250828E-3	2.451748E-4	-4.747679E-3
1E-3	2.551268E-4	5.253353E-3	2.451273E-4	-4.745123E-3
1.0159E-3	2.552094E-4	5.131629E-3	2.450529E-4	-4.620287E-3
1.0318E-3	2.5529E-4	5.009865E-3	2.449804E-4	-4.495486E-3
1.0477E-3	2.553687E-4	4.88806E-3	2.449099E-4	-4.370721E-3
1.0636E-3	2.554454E-4	4.766217E-3	2.448414E-4	-4.245989E-3
1.0795E-3	2.555203E-4	4.644337E-3	2.447749E-4	-4.12129E-3
1.0954E-3	2.555931E-4	4.522419E-3	2.447103E-4	-3.996624E-3
1.1113E-3	2.556641E-4	4.400466E-3	2.446478E-4	-3.871988E-3
1.1272E-3	2.557331E-4	4.278478E-3	2.445872E-4	-3.747382E-3
1.1431E-3	2.558001E-4	4.156456E-3	2.445286E-4	-3.622806E-3
1.159E-3	2.558652E-4	4.034401E-3	2.44472E-4	-3.498257E-3
1.1749E-3	2.559284E-4	3.912314E-3	2.444174E-4	-3.373736E-3
1.1908E-3	2.559896E-4	3.790196E-3	2.443647E-4	-3.249241E-3
1.2067E-3	2.560489E-4	3.668049E-3	2.443141E-4	-3.124771E-3
1.2226E-3	2.561063E-4	3.545872E-3	2.442654E-4	-3.000326E-3
1.2385E-3	2.561617E-4	3.423667E-3	2.442186E-4	-2.875904E-3
1.2544E-3	2.562152E-4	3.301434E-3	2.441739E-4	-2.751504E-3
1.2703E-3	2.562667E-4	3.179176E-3	2.441311E-4	-2.627126E-3
1.2862E-3	2.563163E-4	3.056893E-3	2.440904E-4	-2.502768E-3
1.3021E-3	2.563639E-4	2.934585E-3	2.440516E-4	-2.378429E-3
1.318E-3	2.564096E-4	2.812254E-3	2.440147E-4	-2.254109E-3
1.3339E-3	2.564533E-4	2.689901E-3	2.439799E-4	-2.129806E-3
1.3498E-3	2.564951E-4	2.567526E-3	2.43947E-4	-2.005521E-3
1.3657E-3	2.56535E-4	2.445131E-3	2.439161E-4	-1.88125E-3
1.3816E-3	2.565729E-4	2.322717E-3	2.438872E-4	-1.756995E-3
1.3975E-3	2.566088E-4	2.200284E-3	2.438602E-4	-1.632753E-3
1.4134E-3	2.566428E-4	2.077834E-3	2.438353E-4	-1.508523E-3
1.4293E-3	2.566749E-4	1.955367E-3	2.438123E-4	-1.384306E-3
1.4452E-3	2.56705E-4	1.832885E-3	2.437912E-4	-1.260099E-3
1.4611E-3	2.567332E-4	1.710388E-3	2.437722E-4	-1.135902E-3
1.477E-3	2.567594E-4	1.587877E-3	2.437551E-4	-1.011714E-3
1.4929E-3	2.567837E-4	1.465354E-3	2.4374E-4	-8.875341E-4
1.5088E-3	2.56806E-4	1.34282E-3	2.437269E-4	-7.633609E-4
1.5247E-3	2.568264E-4	1.220274E-3	2.437157E-4	-6.391937E-4
1.5406E-3	2.568448E-4	1.097719E-3	2.437066E-4	-5.150315E-4
1.5565E-3	2.568613E-4	9.751555E-4	2.436994E-4	-3.908734E-4
1.5724E-3	2.568758E-4	8.525839E-4	2.436941E-4	-2.667184E-4
1.5883E-3	2.568884E-4	7.300055E-4	2.436909E-4	-1.425655E-4
1.6042E-3	2.56899E-4	6.074213E-4	2.436896E-4	-1.841384E-5
1.6201E-3	2.569077E-4	4.848322E-4	2.436903E-4	1.057376E-4
1.636E-3	2.569145E-4	3.622392E-4	2.43693E-4	2.298899E-4
1.6519E-3	2.569192E-4	2.396433E-4	2.436976E-4	3.540438E-4
1.6678E-3	2.569221E-4	1.170454E-4	2.437042E-4	4.782005E-4
1.6837E-3	2.56923E-4	-5.55348E-6	2.437128E-4	6.023607E-4
1.6996E-3	2.569219E-4	-1.281524E-4	2.437234E-4	7.265256E-4
1.7155E-3	2.569189E-4	-2.507503E-4	2.437359E-4	8.50696E-4
1.7314E-3	2.569139E-4	-3.733464E-4	2.437504E-4	9.74873E-4
1.7473E-3	2.56907E-4	-4.959396E-4	2.437669E-4	1.099057E-3
1.7632E-3	2.568982E-4	-6.185289E-4	2.437854E-4	1.22325E-3
1.7791E-3	2.568873E-4	-7.411134E-4	2.438058E-4	1.347453E-3
1.795E-3	2.568746E-4	-8.636921E-4	2.438282E-4	1.471665E-3
1.8109E-3	2.568599E-4	-9.86264E-4	2.438526E-4	1.595889E-3
1.8268E-3	2.568432E-4	-1.108828E-3	2.43879E-4	1.720126E-3
1.8427E-3	2.568246E-4	-1.231384E-3	2.439073E-4	1.844375E-3
1.8586E-3	2.568041E-4	-1.35393E-3	2.439376E-4	1.968639E-3
1.8745E-3	2.567816E-4	-1.476465E-3	2.439699E-4	2.092918E-3
1.8904E-3	2.567571E-4	-1.598989E-3	2.440042E-4	2.217213E-3
1.9063E-3	2.567307E-4	-1.7215E-3	2.440404E-4	2.341525E-3
1.9222E-3	2.567024E-4	-1.843997E-3	2.440786E-4	2.465856E-3
1.9381E-3	2.566721E-4	-1.96648E-3	2.441188E-4	2.590205E-3
1.954E-3	2.566398E-4	-2.088948E-3	2.44161E-4	2.714574E-3
1.9699E-3	2.566057E-4	-2.211399E-3	2.442052E-4	2.838965E-3
1.9858E-3	2.565695E-4	-2.333833E-3	2.442513E-4	2.963377E-3
2.0017E-3	2.565314E-4	-2.456248E-3	2.442994E-4	3.087812E-3
2.0176E-3	2.564914E-4	-2.578644E-3	2.443495E-4	3.212271E-3
2.0335E-3	2.564494E-4	-2.70102E-3	2.444015E-4	3.336755E-3
2.0494E-3	2.564055E-4	-2.823374E-3	2.444556E-4	3.461264E-3
2.0653E-3	2.563597E-4	-2.945706E-3	2.445116E-4	3.585801E-3
2.0812E-3	2.563118E-4	-3.068015E-3	2.445696E-4	3.710365E-3
2.0971E-3	2.562621E-4	-3.1903E-3	2.446296E-4	3.834958E-3
2.113E-3	2.562104E-4	-3.31256E-3	2.446916E-4	3.95958E-3
2.1289E-3	2.561568E-4	-3.434793E-3	2.447555E-4	4.084233E-3
2.1448E-3	2.561012E-4	-3.557E-3	2.448215E-4	4.208918E-3
2.1607E-3	2.560436E-4	-3.679178E-3	2.448894E-4	4.333635E-3
2.1766E-3	2.559842E-4	-3.801327E-3	2.449593E-4	4.458386E-3
2.1925E-3	2.559228E-4	-3.923447E-3	2.450311E-4	4.583171E-3
2.2084E-3	2.558594E-4	-4.045535E-3	2.45105E-4	4.707991E-3
2.2243E-3	2.557941E-4	-4.167592E-3	2.451809E-4	4.832848E-3
2.2402E-3	2.557269E-4	-4.289616E-3	2.452587E-4	4.957743E-3
2.2561E-3	2.556577E-4	-4.411605E-3	2.453385E-4	5.082676E-3
2.272E-3	2.555866E-4	-4.53356E-3	2.454203E-4	5.207648E-3
2.2879E-3	2.555135E-4	-4.65548E-3	2.455041E-4	5.33266E-3
2.3038E-3	2.554385E-4	-4.777362E-3	2.455899E-4	5.457714E-3
2.3197E-3	2.553616E-4	-4.899207E-3	2.456777E-4	5.58281E-3
2.3356E-3	2.552827E-4	-5.021014E-3	2.457674E-4	5.707949E-3
2.3515E-3	2.552019E-4	-5.14278E-3	2.458592E-4	5.833132E-3
2.3674E-3	2.551192E-4	-5.264506E-3	2.459529E-4	5.95836E-3
2.3833E-3	2.550345E-4	-5.386191E-3	2.460487E-4	6.083635E-3
2.3992E-3	2.549479E-4	-5.507833E-3	2.461464E-4	6.208957E-3
2.4151E-3	2.548594E-4	-5.629431E-3	2.462461E-4	6.334326E-3
2.431E-3	2.547689E-4	-5.750985E-3	2.463478E-4	6.459745E-3
2.4469E-3	2.546765E-4	-5.872494E-3	2.464515E-4	6.585214E-3
2.4628E-3	2.545822E-4	-5.993956E-3	2.465572E-4	6.710733E-3
2.4787E-3	2.544859E-4	-6.115371E-3	2.466649E-4	6.836305E-3
2.4946E-3	2.543877E-4	-6.236738E-3	2.467746E-4	6.961929E-3
2.5105E-3	2.542876E-4	-6.358056E-3	2.468863E-4	7.087608E-3
2.5264E-3	2.541855E-4	-6.479323E-3	2.47E-4	7.213341E-3
2.5423E-3	2.540815E-4	-6.600539E-3	2.471157E-4	7.33913E-3
2.5582E-3	2.539756E-4	-6.721704E-3	2.472334E-4	7.464976E-3
2.5741E-3	2.538678E-4	-6.842815E-3	2.473531E-4	7.59088E-3
2.59E-3	2.53758E-4	-6.963872E-3	2.474748E-4	7.716843E-3
2.6E-3	2.536884E-4	-6.961347E-3	2.47552E-4	7.719386E-3
2.61E-3	2.536188E-4	-6.958822E-3	2.476292E-4	7.72193E-3
2.62E-3	2.535492E-4	-6.956297E-3	2.477064E-4	7.724473E-3
2.63E-3	2.534797E-4	-6.953771E-3	2.477837E-4	7.727015E-3
2.64E-3	2.534101E-4	-6.951246E-3	2.478609E-4	7.729558E-3
2.65E-3	2.533406E-4	-6.94872E-3	2.479383E-4	7.7321E-3
2.66E-3	2.532712E-4	-6.946195E-3	2.480156E-4	7.734642E-3
2.67E-3	2.532017E-4	-6.943669E-3	2.480929E-4	7.737183E-3
2.68E-3	2.531323E-4	-6.941142E-3	2.481703E-4	7.739725E-3
2.69E-3	2.530629E-4	-6.938616E-3	2.482477E-4	7.742266E-3
2.7E-3	2.529935E-4	-6.93609E-3	2.483252E-4	7.744806E-3
2.71E-3	2.529242E-4	-6.933563E-3	2.484026E-4	7.747347E-3
2.72E-3	2.528548E-4	-6.931036E-3	2.484801E-4	7.749887E-3
2.73E-3	2.527855E-4	-6.928509E-3	2.485576E-4	7.752427E-3
2.74E-3	2.527163E-4	-6.925982E-3	2.486352E-4	7.754967E-3
2.75E-3	2.52647E-4	-6.923455E-3	2.487127E-4	7.757506E-3
2.76E-3	2.525778E-4	-6.920928E-3	2.487903E-4	7.760045E-3
2.77E-3	2.525086E-4	-6.9184E-3	2.488679E-4	7.762584E-3
2.78E-3	2.524394E-4	-6.915872E-3	2.489456E-4	7.765122E-3
2.79E-3	2.523703E-4	-6.913344E-3	2.490232E-4	7.767661E-3
2.8E-3	2.523012E-4	-6.910816E-3	2.491009E-4	7.770199E-3
2.81E-3	2.522321E-4	-6.908288E-3	2.491786E-4	7.772736E-3
2.82E-3	2.52163E-4	-6.905759E-3	2.492564E-4	7.775274E-3
2.83E-3	2.52094E-4	-6.903231E-3	2.493341E-4	7.777811E-3
2.84E-3	2.520249E-4	-6.900702E-3	2.494119E-4	7.780348E-3
2.85E-3	2.519559E-4	-6.898173E-3	2.494898E-4	7.782884E-3
2.86E-3	2.51887E-4	-6.895644E-3	2.495676E-4	7.785421E-3
2.87E-3	2.51818E-4	-6.893115E-3	2.496455E-4	7.787957E-3
2.88E-3	2.517491E-4	-6.890585E-3	2.497234E-4	7.790492E-3
2.89E-3	2.516802E-4	-6.888056E-3	2.498013E-4	7.793028E-3
2.9E-3	2.516114E-4	-6.885526E-3	2.498792E-4	7.795563E-3
2.91E-3	2.515425E-4	-6.882996E-3	2.499572E-4	7.798098E-3
2.92E-3	2.514737E-4	-6.880466E-3	2.500352E-4	7.800632E-3
2.93E-3	2.514049E-4	-6.877936E-3	2.501132E-4	7.803167E-3
2.94E-3	2.513361E-4	-6.875406E-3	2.501912E-4	7.805701E-3
2.95E-3	2.512674E-4	-6.872875E-3	2.502693E-4	7.808235E-3
2.96E-3	2.511987E-4	-6.870344E-3	2.503474E-4	7.810768E-3
2.97E-3	2.5113E-4	-6.867814E-3	2.504255E-4	7.813301E-3
2.98E-3	2.510613E-4	-6.865282E-3	2.505037E-4	7.815834E-3
2.99E-3	2.509927E-4	-6.862751E-3	2.505818E-4	7.818367E-3
3E-3	2.509241E-4	-6.86022E-3	2.5066E-4	7.820899E-3
3.01E-3	2.508555E-4	-6.857688E-3	2.507383E-4	7.823431E-3
3.02E-3	2.507869E-4	-6.855157E-3	2.508165E-4	7.825963E-3
3.03E-3	2.507184E-4	-6.852625E-3	2.508948E-4	7.828495E-3
3.04E-3	2.506499E-4	-6.850093E-3	2.509731E-4	7.831026E-3
3.05E-3	2.505814E-4	-6.847561E-3	2.510514E-4	7.833557E-3
3.06E-3	2.505129E-4	-6.845028E-3	2.511297E-4	7.836088E-3
3.07E-3	2.504445E-4	-6.842496E-3	2.512081E-4	7.838618E-3
3.08E-3	2.503761E-4	-6.839963E-3	2.512865E-4	7.841148E-3
3.09E-3	2.503077E-4	-6.83743E-3	2.513649E-4	7.843678E-3
3.1E-3	2.502393E-4	-6.834897E-3	2.514434E-4	7.846208E-3
3.11E-3	2.50171E-4	-6.832364E-3	2.515219E-4	7.848737E-3
3.12E-3	2.501027E-4	-6.829831E-3	2.516004E-4	7.851266E-3
3.13E-3	2.500344E-4	-6.827297E-3	2.516789E-4	7.853795E-3
3.14E-3	2.499661E-4	-6.824764E-3	2.517574E-4	7.856323E-3
3.15E-3	2.498979E-4	-6.82223E-3	2.51836E-4	7.858851E-3
3.16E-3	2.498297E-4	-6.819696E-3	2.519146E-4	7.861379E-3
3.17E-3	2.497615E-4	-6.817162E-3	2.519932E-4	7.863907E-3
3.18E-3	2.496933E-4	-6.814628E-3	2.520719E-4	7.866434E-3
3.19E-3	2.496252E-4	-6.812093E-3	2.521506E-4	7.868961E-3
3.2E-3	2.495571E-4	-6.809559E-3	2.522293E-4	7.871488E-3
3.21E-3	2.49489E-4	-6.807024E-3	2.52308E-4	7.874015E-3
3.22E-3	2.494209E-4	-6.804489E-3	2.523868E-4	7.876541E-3
3.23E-3	2.493529E-4	-6.801954E-3	2.524655E-4	7.879067E-3
3.24E-3	2.492849E-4	-6.799419E-3	2.525443E-4	7.881592E-3
3.25E-3	2.492169E-4	-6.796883E-3	2.526232E-4	7.884118E-3
3.26E-3	2.49149E-4	-6.794348E-3	2.52702E-4	7.886643E-3
3.27E-3	2.49081E-4	-6.791812E-3	2.527809E-4	7.889168E-3
3.28E-3	2.490131E-4	-6.789276E-3	2.528598E-4	7.891692E-3
3.29E-3	2.489453E-4	-6.78674E-3	2.529387E-4	7.894216E-3
3.3E-3	2.488774E-4	-6.784204E-3	2.530177E-4	7.89674E-3
3.31E-3	2.488096E-4	-6.781668E-3	2.530967E-4	7.899264E-3
3.32E-3	2.487418E-4	-6.779131E-3	2.531757E-4	7.901788E-3
3.33E-3	2.48674E-4	-6.776594E-3	2.532547E-4	7.904311E-3
3.34E-3	2.486062E-4	-6.774058E-3	2.533338E-4	7.906834E-3
3.35E-3	2.485385E-4	-6.771521E-3	2.534128E-4	7.909356E-3
3.36E-3	2.484708E-4	-6.768983E-3	2.534919E-4	7.911878E-3
3.37E-3	2.484031E-4	-6.766446E-3	2.535711E-4	7.9144E-3
3.38E-3	2.483355E-4	-6.763909E-3	2.536502E-4	7.916922E-3
3.39E-3	2.482678E-4	-6.761371E-3	2.537294E-4	7.919444E-3
3.4E-3	2.482002E-4	-6.758833E-3	2.538086E-4	7.921965E-3
3.41E-3	2.481327E-4	-6.756295E-3	2.538879E-4	7.924486E-3
3.42E-3	2.480651E-4	-6.753757E-3	2.539671E-4	7.927006E-3
3.43E-3	2.479976E-4	-6.751219E-3	2.540464E-4	7.929527E-3
3.44E-3	2.479301E-4	-6.74868E-3	2.541257E-4	7.932047E-3
3.45E-3	2.478626E-4	-6.746142E-3	2.54205E-4	7.934567E-3
3.46E-3	2.477952E-4	-6.743603E-3	2.542844E-4	7.937086E-3
3.47E-3	2.477277E-4	-6.741064E-3	2.543638E-4	7.939605E-3
3.48E-3	2.476604E-4	-6.738525E-3	2.544432E-4	7.942124E-3
3.49E-3	2.47593E-4	-6.735986E-3	2.545226E-4	7.944643E-3
3.5E-3	2.475256E-4	-6.733447E-3	2.546021E-4	7.947161E-3
3.51E-3	2.474583E-4	-6.730907E-3	2.546816E-4	7.949679E-3
3.52E-3	2.47391E-4	-6.728367E-3	2.547611E-4	7.952197E-3
3.53E-3	2.473237E-4	-6.725827E-3	2.548406E-4	7.954715E-3
3.54E-3	2.472565E-4	-6.723287E-3	2.549202E-4	7.957232E-3
3.55E-3	2.471893E-4	-6.720747E-3	2.549998E-4	7.959749E-3
3.56E-3	2.471221E-4	-6.718207E-3	2.550794E-4	7.962266E-3
3.57E-3	2.470549E-4	-6.715666E-3	2.55159E-4	7.964782E-3
3.58E-3	2.469878E-4	-6.713126E-3	2.552387E-4	7.967298E-3
3.59E-3	2.469206E-4	-6.710585E-3	2.553183E-4	7.969814E-3
3.6059E-3	2.468153E-4	-6.544347E-3	2.554438E-4	7.806022E-3
3.6218E-3	2.467125E-4	-6.378176E-3	2.555666E-4	7.642147E-3
3.6377E-3	2.466124E-4	-6.212072E-3	2.556868E-4	7.478192E-3
3.6536E-3	2.46515E-4	-6.046032E-3	2.558044E-4	7.314159E-3
3.6695E-3	2.464202E-4	-5.880055E-3	2.559194E-4	7.150048E-3
3.6854E-3	2.46328E-4	-5.71414E-3	2.560318E-4	6.985862E-3
3.7013E-3	2.462385E-4	-5.548283E-3	2.561415E-4	6.821602E-3
3.7172E-3	2.461516E-4	-5.382484E-3	2.562487E-4	6.65727E-3
3.7331E-3	2.460673E-4	-5.216742E-3	2.563532E-4	6.492868E-3
3.749E-3	2.459857E-4	-5.051053E-3	2.564552E-4	6.328398E-3
3.7649E-3	2.459067E-4	-4.885417E-3	2.565545E-4	6.163861E-3
3.7808E-3	2.458303E-4	-4.719832E-3	2.566512E-4	5.999259E-3
3.7967E-3	2.457566E-4	-4.554295E-3	2.567452E-4	5.834594E-3
3.8126E-3	2.456855E-4	-4.388806E-3	2.568367E-4	5.669867E-3
3.8285E-3	2.45617E-4	-4.223363E-3	2.569255E-4	5.505081E-3
3.8444E-3	2.455512E-4	-4.057964E-3	2.570118E-4	5.340237E-3
3.8603E-3	2.45488E-4	-3.892607E-3	2.570954E-4	5.175336E-3
3.8762E-3	2.454274E-4	-3.72729E-3	2.571763E-4	5.01038E-3
3.8921E-3	2.453695E-4	-3.562012E-3	2.572547E-4	4.845372E-3
3.908E-3	2.453141E-4	-3.396771E-3	2.573304E-4	4.680313E-3
3.9239E-3	2.452614E-4	-3.231566E-3	2.574035E-4	4.515204E-3
3.9398E-3	2.452114E-4	-3.066394E-3	2.57474E-4	4.350048E-3
3.9557E-3	2.451639E-4	-2.901254E-3	2.575419E-4	4.184846E-3
3.9716E-3	2.451191E-4	-2.736144E-3	2.576071E-4	4.0196E-3
3.9875E-3	2.450769E-4	-2.571063E-3	2.576697E-4	3.854311E-3
4.0034E-3	2.450374E-4	-2.406009E-3	2.577297E-4	3.688982E-3
4.0193E-3	2.450004E-4	-2.240979E-3	2.57787E-4	3.523613E-3
4.0352E-3	2.449661E-4	-2.075973E-3	2.578417E-4	3.358208E-3
4.0511E-3	2.449344E-4	-1.910989E-3	2.578938E-4	3.192767E-3
4.067E-3	2.449053E-4	-1.746025E-3	2.579432E-4	3.027292E-3
4.0829E-3	2.448789E-4	-1.581079E-3	2.5799E-4	2.861785E-3
4.0988E-3	2.44855E-4	-1.416149E-3	2.580342E-4	2.696249E-3
4.1147E-3	2.448338E-4	-1.251234E-3	2.580758E-4	2.530683E-3
4.1306E-3	2.448153E-4	-1.086333E-3	2.581147E-4	2.365091E-3
4.1465E-3	2.447993E-4	-9.214425E-4	2.58151E-4	2.199474E-3
4.1624E-3	2.44786E-4	-7.56562E-4	2.581847E-4	2.033833E-3
4.1783E-3	2.447752E-4	-5.916894E-4	2.582157E-4	1.868171E-3
4.1942E-3	2.447671E-4	-4.268231E-4	2.582441E-4	1.70249E-3
4.2101E-3	2.447617E-4	-2.619614E-4	2.582698E-4	1.53679E-3
4.226E-3	2.447588E-4	-9.710259E-5	2.582929E-4	1.371074E-3
4.2419E-3	2.447586E-4	6.775511E-5	2.583134E-4	1.205343E-3
4.2578E-3	2.44761E-4	2.326134E-4	2.583313E-4	1.039599E-3
4.2737E-3	2.44766E-4	3.974739E-4	2.583465E-4	8.738449E-4
4.2896E-3	2.447736E-4	5.623384E-4	2.583591E-4	7.08081E-4
4.3055E-3	2.447839E-4	7.272085E-4	2.58369E-4	5.423095E-4
4.3214E-3	2.447967E-4	8.920861E-4	2.583763E-4	3.765322E-4
4.3373E-3	2.448122E-4	1.056973E-3	2.58381E-4	2.107507E-4
4.3532E-3	2.448303E-4	1.22187E-3	2.58383E-4	4.496693E-5
4.3691E-3	2.448511E-4	1.38678E-3	2.583824E-4	-1.208175E-4
4.385E-3	2.448744E-4	1.551704E-3	2.583792E-4	-2.866008E-4
4.4009E-3	2.449004E-4	1.716645E-3	2.583733E-4	-4.523812E-4
4.4168E-3	2.44929E-4	1.881602E-3	2.583648E-4	-6.18157E-4
4.4327E-3	2.449603E-4	2.04658E-3	2.583536E-4	-7.839265E-4
4.4486E-3	2.449941E-4	2.211578E-3	2.583398E-4	-9.496879E-4
4.4645E-3	2.450306E-4	2.376599E-3	2.583234E-4	-1.115439E-3
4.4804E-3	2.450697E-4	2.541644E-3	2.583044E-4	-1.281179E-3
4.4963E-3	2.451114E-4	2.706716E-3	2.582827E-4	-1.446906E-3
4.5122E-3	2.451558E-4	2.871815E-3	2.582584E-4	-1.612617E-3
4.5281E-3	2.452027E-4	3.036945E-3	2.582314E-4	-1.778312E-3
4.544E-3	2.452523E-4	3.202105E-3	2.582018E-4	-1.943988E-3
4.5599E-3	2.453046E-4	3.367299E-3	2.581696E-4	-2.109644E-3
4.5758E-3	2.453594E-4	3.532527E-3	2.581347E-4	-2.275278E-3
4.5917E-3	2.454169E-4	3.697792E-3	2.580972E-4	-2.440888E-3
4.6076E-3	2.45477E-4	3.863095E-3	2.580571E-4	-2.606473E-3
4.6235E-3	2.455397E-4	4.028438E-3	2.580143E-4	-2.77203E-3
4.6394E-3	2.456051E-4	4.193822E-3	2.57969E-4	-2.937558E-3
4.6553E-3	2.456731E-4	4.35925E-3	2.579209E-4	-3.103056E-3
4.6712E-3	2.457437E-4	4.524723E-3	2.578703E-4	-3.268521E-3
4.6871E-3	2.45817E-4	4.690242E-3	2.57817E-4	-3.433952E-3
4.703E-3	2.458929E-4	4.85581E-3	2.577611E-4	-3.599346E-3
4.7189E-3	2.459714E-4	5.021429E-3	2.577025E-4	-3.764704E-3
4.7348E-3	2.460526E-4	5.187099E-3	2.576414E-4	-3.930021E-3
4.7507E-3	2.461364E-4	5.352823E-3	2.575776E-4	-4.095298E-3
4.7666E-3	2.462228E-4	5.518602E-3	2.575111E-4	-4.260531E-3
4.7825E-3	2.463118E-4	5.684438E-3	2.574421E-4	-4.42572E-3
4.7984E-3	2.464035E-4	5.850333E-3	2.573704E-4	-4.590863E-3
4.8143E-3	2.464979E-4	6.016288E-3	2.572961E-4	-4.755957E-3
4.8302E-3	2.465949E-4	6.182306E-3	2.572192E-4	-4.921002E-3
4.8461E-3	2.466945E-4	6.348387E-3	2.571396E-4	-5.085995E-3
4.862E-3	2.467967E-4	6.514534E-3	2.570574E-4	-5.250935E-3
4.8779E-3	2.469016E-4	6.680749E-3	2.569726E-4	-5.415819E-3
4.8938E-3	2.470092E-4	6.847033E-3	2.568852E-4	-5.580647E-3
4.9097E-3	2.471194E-4	7.013387E-3	2.567952E-4	-5.745416E-3
4.9256E-3	2.472322E-4	7.179814E-3	2.567025E-4	-5.910125E-3
4.9415E-3	2.473477E-4	7.346316E-3	2.566072E-4	-6.074772E-3
4.9574E-3	2.474658E-4	7.512893E-3	2.565093E-4	-6.239355E-3
4.9733E-3	2.475866E-4	7.679548E-3	2.564088E-4	-6.403873E-3
4.9892E-3	2.4771E-4	7.846283E-3	2.563057E-4	-6.568323E-3
5.0051E-3	2.478361E-4	8.013099E-3	2.561999E-4	-6.732705E-3
5.021E-3	2.479649E-4	8.179997E-3	2.560916E-4	-6.897016E-3
5.0369E-3	2.480962E-4	8.346981E-3	2.559806E-4	-7.061254E-3
5.0528E-3	2.482303E-4	8.514051E-3	2.55867E-4	-7.225419E-3
5.0687E-3	2.48367E-4	8.681209E-3	2.557508E-4	-7.389507E-3
5.0846E-3	2.485064E-4	8.848456E-3	2.55632E-4	-7.553518E-3
5.1005E-3	2.486484E-4	9.015796E-3	2.555106E-4	-7.71745E-3
5.1164E-3	2.487931E-4	9.183228E-3	2.553866E-4	-7.881301E-3
5.1323E-3	2.489404E-4	9.350756E-3	2.5526E-4	-8.045069E-3
5.1482E-3	2.490904E-4	9.518381E-3	2.551308E-4	-8.208752E-3
5.1641E-3	2.492431E-4	9.686104E-3	2.54999E-4	-8.372349E-3
5.18E-3	2.493984E-4	9.853927E-3	2.548645E-4	-8.535859E-3
5.19E-3	2.49497E-4	9.856451E-3	2.547792E-4	-8.533351E-3
5.2E-3	2.495956E-4	9.858974E-3	2.546939E-4	-8.530843E-3
5.21E-3	2.496942E-4	9.861497E-3	2.546086E-4	-8.528334E-3
5.22E-3	2.497928E-4	9.86402E-3	2.545233E-4	-8.525826E-3
5.23E-3	2.498914E-4	9.866542E-3	2.544381E-4	-8.523317E-3
5.24E-3	2.499901E-4	9.869064E-3	2.543528E-4	-8.520808E-3
5.25E-3	2.500888E-4	9.871586E-3	2.542677E-4	-8.518299E-3
5.26E-3	2.501876E-4	9.874107E-3	2.541825E-4	-8.51579E-3
5.27E-3	2.502863E-4	9.876628E-3	2.540973E-4	-8.513281E-3
5.28E-3	2.503851E-4	9.879148E-3	2.540122E-4	-8.510771E-3
5.29E-3	2.504839E-4	9.881669E-3	2.539271E-4	-8.508261E-3
5.3E-3	2.505827E-4	9.884188E-3	2.538421E-4	-8.505752E-3
5.31E-3	2.506816E-4	9.886708E-3	2.53757E-4	-8.503241E-3
5.32E-3	2.507805E-4	9.889227E-3	2.53672E-4	-8.500731E-3
5.33E-3	2.508794E-4	9.891746E-3	2.53587E-4	-8.498221E-3
5.34E-3	2.509783E-4	9.894264E-3	2.53502E-4	-8.49571E-3
5.35E-3	2.510772E-4	9.896782E-3	2.534171E-4	-8.493199E-3
5.36E-3	2.511762E-4	9.8993E-3	2.533322E-4	-8.490688E-3
5.37E-3	2.512752E-4	9.901817E-3	2.532473E-4	-8.488177E-3
5.38E-3	2.513743E-4	9.904334E-3	2.531624E-4	-8.485665E-3
5.39E-3	2.514733E-4	9.906851E-3	2.530776E-4	-8.483154E-3
5.4E-3	2.515724E-4	9.909367E-3	2.529927E-4	-8.480642E-3
5.41E-3	2.516715E-4	9.911883E-3	2.529079E-4	-8.47813E-3
5.42E-3	2.517706E-4	9.914398E-3	2.528232E-4	-8.475618E-3
5.43E-3	2.518698E-4	9.916913E-3	2.527384E-4	-8.473106E-3
5.44E-3	2.51969E-4	9.919428E-3	2.526537E-4	-8.470593E-3
5.45E-3	2.520682E-4	9.921942E-3	2.52569E-4	-8.468081E-3
5.46E-3	2.521674E-4	9.924456E-3	2.524843E-4	-8.465568E-3
5.47E-3	2.522667E-4	9.92697E-3	2.523997E-4	-8.463055E-3
5.48E-3	2.52366E-4	9.929484E-3	2.523151E-4	-8.460541E-3
5.49E-3	2.524653E-4	9.931997E-3	2.522305E-4	-8.458028E-3
5.5E-3	2.525646E-4	9.934509E-3	2.521459E-4	-8.455514E-3
5.51E-3	2.526639E-4	9.937021E-3	2.520614E-4	-8.453001E-3
5.52E-3	2.527633E-4	9.939533E-3	2.519769E-4	-8.450487E-3
5.53E-3	2.528627E-4	9.942045E-3	2.518924E-4	-8.447973E-3
5.54E-3	2.529622E-4	9.944556E-3	2.518079E-4	-8.445458E-3
5.55E-3	2.530616E-4	9.947067E-3	2.517235E-4	-8.442944E-3
5.56E-3	2.531611E-4	9.949577E-3	2.51639E-4	-8.440429E-3
5.57E-3	2.532606E-4	9.952088E-3	2.515547E-4	-8.437914E-3
5.58E-3	2.533602E-4	9.954597E-3	2.514703E-4	-8.435399E-3
5.59E-3	2.534597E-4	9.957107E-3	2.513859E-4	-8.432884E-3
5.6E-3	2.535593E-4	9.959616E-3	2.513016E-4	-8.430368E-3
5.61E-3	2.536589E-4	9.962125E-3	2.512173E-4	-8.427853E-3
5.62E-3	2.537585E-4	9.964633E-3	2.511331E-4	-8.425337E-3
5.63E-3	2.538582E-4	9.967141E-3	2.510488E-4	-8.422821E-3
5.64E-3	2.539579E-4	9.969649E-3	2.509646E-4	-8.420305E-3
5.65E-3	2.540576E-4	9.972156E-3	2.508804E-4	-8.417789E-3
5.66E-3	2.541573E-4	9.974663E-3	2.507963E-4	-8.415272E-3
5.67E-3	2.542571E-4	9.977169E-3	2.507121E-4	-8.412755E-3
5.68E-3	2.543569E-4	9.979676E-3	2.50628E-4	-8.410238E-3
5.69E-3	2.544567E-4	9.982181E-3	2.505439E-4	-8.407721E-3
5.7E-3	2.545565E-4	9.984687E-3	2.504599E-4	-8.405204E-3
5.71E-3	2.546564E-4	9.987192E-3	2.503758E-4	-8.402687E-3
5.72E-3	2.547563E-4	9.989697E-3	2.502918E-4	-8.400169E-3
5.73E-3	2.548562E-4	9.992201E-3	2.502078E-4	-8.397651E-3
5.74E-3	2.549561E-4	9.994706E-3	2.501238E-4	-8.395133E-3
5.75E-3	2.550561E-4	9.997209E-3	2.500399E-4	-8.392615E-3
5.76E-3	2.55156E-4	9.999713E-3	2.49956E-4	-8.390097E-3
5.77E-3	2.552561E-4	1.000222E-2	2.498721E-4	-8.387578E-3
5.78E-3	2.553561E-4	1.000472E-2	2.497882E-4	-8.38506E-3
5.79E-3	2.554562E-4	1.000722E-2	2.497044E-4	-8.382541E-3
5.8E-3	2.555562E-4	1.000972E-2	2.496206E-4	-8.380022E-3
5.81E-3	2.556563E-4	1.001222E-2	2.495368E-4	-8.377502E-3
5.82E-3	2.557565E-4	1.001473E-2	2.49453E-4	-8.374983E-3
5.83E-3	2.558566E-4	1.001723E-2	2.493693E-4	-8.372463E-3
5.84E-3	2.559568E-4	1.001973E-2	2.492856E-4	-8.369943E-3
5.85E-3	2.56057E-4	1.002223E-2	2.492019E-4	-8.367423E-3
5.86E-3	2.561573E-4	1.002473E-2	2.491182E-4	-8.364903E-3
5.87E-3	2.562575E-4	1.002723E-2	2.490346E-4	-8.362383E-3
5.88E-3	2.563578E-4	1.002973E-2	2.48951E-4	-8.359862E-3
5.89E-3	2.564581E-4	1.003222E-2	2.488674E-4	-8.357341E-3
5.9E-3	2.565585E-4	1.003472E-2	2.487838E-4	-8.354821E-3
5.91E-3	2.566588E-4	1.003722E-2	2.487003E-4	-8.352299E-3
5.92E-3	2.567592E-4	1.003972E-2	2.486168E-4	-8.349778E-3
5.93E-3	2.568596E-4	1.004222E-2	2.485333E-4	-8.347257E-3
5.94E-3	2.5696E-4	1.004471E-2	2.484499E-4	-8.344735E-3
5.95E-3	2.570605E-4	1.004721E-2	2.483664E-4	-8.342213E-3
5.96E-3	2.57161E-4	1.004971E-2	2.48283E-4	-8.339691E-3
5.97E-3	2.572615E-4	1.00522E-2	2.481996E-4	-8.337169E-3
5.98E-3	2.57362E-4	1.00547E-2	2.481163E-4	-8.334646E-3
5.99E-3	2.574626E-4	1.005719E-2	2.480329E-4	-8.332124E-3
6E-3	2.575632E-4	1.005969E-2	2.479496E-4	-8.329601E-3
6.01E-3	2.576638E-4	1.006218E-2	2.478663E-4	-8.327078E-3
6.02E-3	2.577644E-4	1.006468E-2	2.477831E-4	-8.324555E-3
6.03E-3	2.578651E-4	1.006717E-2	2.476999E-4	-8.322032E-3
6.04E-3	2.579658E-4	1.006966E-2	2.476166E-4	-8.319508E-3
6.05E-3	2.580665E-4	1.007216E-2	2.475335E-4	-8.316984E-3
6.06E-3	2.581672E-4	1.007465E-2	2.474503E-4	-8.314461E-3
6.07E-3	2.58268E-4	1.007714E-2	2.473672E-4	-8.311936E-3
6.08E-3	2.583688E-4	1.007964E-2	2.472841E-4	-8.309412E-3
6.09E-3	2.584696E-4	1.008213E-2	2.47201E-4	-8.306888E-3
6.1E-3	2.585704E-4	1.008462E-2	2.471179E-4	-8.304363E-3
6.11E-3	2.586713E-4	1.008711E-2	2.470349E-4	-8.301838E-3
6.12E-3	2.587721E-4	1.00896E-2	2.469519E-4	-8.299313E-3
6.13E-3	2.58873E-4	1.009209E-2	2.468689E-4	-8.296788E-3
6.14E-3	2.58974E-4	1.009458E-2	2.46786E-4	-8.294263E-3
6.15E-3	2.590749E-4	1.009707E-2	2.46703E-4	-8.291737E-3
6.16E-3	2.591759E-4	1.009956E-2	2.466201E-4	-8.289211E-3
6.17E-3	2.592769E-4	1.010205E-2	2.465372E-4	-8.286686E-3
6.18E-3	2.59378E-4	1.010454E-2	2.464544E-4	-8.284159E-3
6.1959E-3	2.59537E-4	9.895407E-3	2.463243E-4	-8.077788E-3
6.2118E-3	2.596926E-4	9.686145E-3	2.461975E-4	-7.871521E-3
6.2277E-3	2.59845E-4	9.476757E-3	2.46074E-4	-7.665357E-3
6.2436E-3	2.59994E-4	9.267243E-3	2.459538E-4	-7.459293E-3
6.2595E-3	2.601397E-4	9.057608E-3	2.458368E-4	-7.253325E-3
6.2754E-3	2.60282E-4	8.847854E-3	2.457231E-4	-7.047452E-3
6.2913E-3	2.60421E-4	8.637983E-3	2.456127E-4	-6.84167E-3
6.3072E-3	2.605567E-4	8.427999E-3	2.455055E-4	-6.635978E-3
6.3231E-3	2.60689E-4	8.217904E-3	2.454017E-4	-6.430371E-3
6.339E-3	2.60818E-4	8.007701E-3	2.45301E-4	-6.224849E-3
6.3549E-3	2.609437E-4	7.797392E-3	2.452037E-4	-6.019407E-3
6.3708E-3	2.61066E-4	7.586981E-3	2.451096E-4	-5.814044E-3
6.3867E-3	2.61185E-4	7.376471E-3	2.450188E-4	-5.608756E-3
6.4026E-3	2.613006E-4	7.165863E-3	2.449313E-4	-5.403541E-3
6.4185E-3	2.614128E-4	6.955161E-3	2.44847E-4	-5.198397E-3
6.4344E-3	2.615217E-4	6.744368E-3	2.44766E-4	-4.99332E-3
6.4503E-3	2.616273E-4	6.533486E-3	2.446882E-4	-4.788308E-3
6.4662E-3	2.617295E-4	6.322518E-3	2.446137E-4	-4.583359E-3
6.4821E-3	2.618284E-4	6.111467E-3	2.445424E-4	-4.378469E-3
6.498E-3	2.619239E-4	5.900335E-3	2.444745E-4	-4.173636E-3
6.5139E-3	2.62016E-4	5.689126E-3	2.444097E-4	-3.968857E-3
6.5298E-3	2.621048E-4	5.477842E-3	2.443482E-4	-3.764131E-3
6.5457E-3	2.621902E-4	5.266486E-3	2.4429E-4	-3.559453E-3
6.5616E-3	2.622722E-4	5.05506E-3	2.442351E-4	-3.354821E-3
6.5775E-3	2.623509E-4	4.843569E-3	2.441833E-4	-3.150234E-3
6.5934E-3	2.624263E-4	4.632013E-3	2.441349E-4	-2.945687E-3
6.6093E-3	2.624982E-4	4.420396E-3	2.440897E-4	-2.741179E-3
6.6252E-3	2.625668E-4	4.208721E-3	2.440477E-4	-2.536706E-3
6.6411E-3	2.626321E-4	3.996991E-3	2.44009E-4	-2.332267E-3
6.657E-3	2.626939E-4	3.785208E-3	2.439735E-4	-2.127858E-3
6.6729E-3	2.627524E-4	3.573376E-3	2.439413E-4	-1.923477E-3
6.6888E-3	2.628076E-4	3.361496E-3	2.439124E-4	-1.719121E-3
6.7047E-3	2.628593E-4	3.149572E-3	2.438867E-4	-1.514787E-3
6.7206E-3	2.629077E-4	2.937606E-3	2.438642E-4	-1.310474E-3
6.7365E-3	2.629527E-4	2.725602E-3	2.43845E-4	-1.106177E-3
6.7524E-3	2.629944E-4	2.513561E-3	2.43829E-4	-9.018953E-4
6.7683E-3	2.630327E-4	2.301488E-3	2.438163E-4	-6.976252E-4
6.7842E-3	2.630676E-4	2.089384E-3	2.438068E-4	-4.933644E-4
6.8001E-3	2.630991E-4	1.877253E-3	2.438006E-4	-2.891101E-4
6.816E-3	2.631273E-4	1.665097E-3	2.437976E-4	-8.485976E-5
6.8319E-3	2.631521E-4	1.452918E-3	2.437979E-4	1.193893E-4
6.8478E-3	2.631735E-4	1.240721E-3	2.438014E-4	3.236397E-4
6.8637E-3	2.631915E-4	1.028507E-3	2.438082E-4	5.278942E-4
6.8796E-3	2.632062E-4	8.162792E-4	2.438182E-4	7.321553E-4
6.8955E-3	2.632175E-4	6.040407E-4	2.438315E-4	9.364257E-4
6.9114E-3	2.632254E-4	3.917941E-4	2.43848E-4	1.140708E-3
6.9273E-3	2.632299E-4	1.795422E-4	2.438678E-4	1.345005E-3
6.9432E-3	2.632311E-4	-3.271223E-5	2.438908E-4	1.54932E-3
6.9591E-3	2.632289E-4	-2.449664E-4	2.43917E-4	1.753654E-3
6.975E-3	2.632233E-4	-4.572176E-4	2.439465E-4	1.958011E-3
6.9909E-3	2.632144E-4	-6.694629E-4	2.439793E-4	2.162393E-3
7.0068E-3	2.63202E-4	-8.816996E-4	2.440153E-4	2.366803E-3
7.0227E-3	2.631863E-4	-1.093925E-3	2.440546E-4	2.571243E-3
7.0386E-3	2.631672E-4	-1.306136E-3	2.440971E-4	2.775717E-3
7.0545E-3	2.631448E-4	-1.51833E-3	2.441428E-4	2.980226E-3
7.0704E-3	2.63119E-4	-1.730504E-3	2.441919E-4	3.184774E-3
7.0863E-3	2.630898E-4	-1.942656E-3	2.442441E-4	3.389364E-3
7.1022E-3	2.630572E-4	-2.154783E-3	2.442996E-4	3.593997E-3
7.1181E-3	2.630212E-4	-2.366881E-3	2.443584E-4	3.798676E-3
7.134E-3	2.629819E-4	-2.578949E-3	2.444204E-4	4.003405E-3
7.1499E-3	2.629392E-4	-2.790982E-3	2.444857E-4	4.208185E-3
7.1658E-3	2.628932E-4	-3.00298E-3	2.445543E-4	4.41302E-3
7.1817E-3	2.628437E-4	-3.214938E-3	2.44626E-4	4.617912E-3
7.1976E-3	2.627909E-4	-3.426854E-3	2.447011E-4	4.822863E-3
7.2135E-3	2.627348E-4	-3.638725E-3	2.447794E-4	5.027877E-3
7.2294E-3	2.626752E-4	-3.850549E-3	2.44861E-4	5.232957E-3
7.2453E-3	2.626123E-4	-4.062322E-3	2.449458E-4	5.438103E-3
7.2612E-3	2.62546E-4	-4.274042E-3	2.450339E-4	5.643321E-3
7.2771E-3	2.624764E-4	-4.485707E-3	2.451253E-4	5.848611E-3
7.293E-3	2.624034E-4	-4.697312E-3	2.452199E-4	6.053977E-3
7.3089E-3	2.62327E-4	-4.908856E-3	2.453178E-4	6.259422E-3
7.3248E-3	2.622473E-4	-5.120336E-3	2.45419E-4	6.464947E-3
7.3407E-3	2.621642E-4	-5.331749E-3	2.455234E-4	6.670557E-3
7.3566E-3	2.620777E-4	-5.543092E-3	2.456311E-4	6.876252E-3
7.3725E-3	2.619879E-4	-5.754362E-3	2.45742E-4	7.082037E-3
7.3884E-3	2.618948E-4	-5.965557E-3	2.458563E-4	7.287914E-3
7.4043E-3	2.617982E-4	-6.176674E-3	2.459738E-4	7.493885E-3
7.4202E-3	2.616983E-4	-6.38771E-3	2.460946E-4	7.699953E-3
7.4361E-3	2.615951E-4	-6.598662E-3	2.462187E-4	7.90612E-3
7.452E-3	2.614885E-4	-6.809528E-3	2.46346E-4	8.112391E-3
7.4679E-3	2.613786E-4	-7.020305E-3	2.464766E-4	8.318766E-3
7.4838E-3	2.612653E-4	-7.230989E-3	2.466105E-4	8.525249E-3
7.4997E-3	2.611486E-4	-7.441579E-3	2.467477E-4	8.731843E-3
7.5156E-3	2.610286E-4	-7.652071E-3	2.468882E-4	8.93855E-3
7.5315E-3	2.609053E-4	-7.862463E-3	2.47032E-4	9.145372E-3
7.5474E-3	2.607786E-4	-8.072753E-3	2.47179E-4	9.352314E-3
7.5633E-3	2.606486E-4	-8.282936E-3	2.473294E-4	9.559376E-3
7.5792E-3	2.605152E-4	-8.49301E-3	2.47483E-4	9.766563E-3
7.5951E-3	2.603785E-4	-8.702974E-3	2.4764E-4	9.973876E-3
7.611E-3	2.602384E-4	-8.912823E-3	2.478002E-4	1.018132E-2
7.6269E-3	2.600951E-4	-9.122556E-3	2.479637E-4	1.038889E-2
7.6428E-3	2.599483E-4	-9.332169E-3	2.481306E-4	1.05966E-2
7.6587E-3	2.597983E-4	-9.541659E-3	2.483007E-4	1.080445E-2
7.6746E-3	2.596449E-4	-9.751025E-3	2.484742E-4	1.101243E-2
7.6905E-3	2.594882E-4	-9.960262E-3	2.486509E-4	1.122056E-2
7.7064E-3	2.593282E-4	-1.016937E-2	2.48831E-4	1.142884E-2
7.7223E-3	2.591648E-4	-1.037834E-2	2.490143E-4	1.163726E-2
7.7382E-3	2.589981E-4	-1.058718E-2	2.49201E-4	1.184583E-2
7.7541E-3	2.588282E-4	-1.079588E-2	2.49391E-4	1.205456E-2
7.77E-3	2.586548E-4	-1.100444E-2	2.495844E-4	1.226345E-2
7.78E-3	2.585448E-4	-1.100196E-2	2.49707E-4	1.226595E-2
7.79E-3	2.584348E-4	-1.099948E-2	2.498297E-4	1.226846E-2
7.8E-3	2.583248E-4	-1.0997E-2	2.499524E-4	1.227096E-2
7.81E-3	2.582149E-4	-1.099452E-2	2.500751E-4	1.227347E-2
7.82E-3	2.581049E-4	-1.099204E-2	2.501979E-4	1.227597E-2
7.83E-3	2.57995E-4	-1.098955E-2	2.503206E-4	1.227847E-2
7.84E-3	2.578851E-4	-1.098707E-2	2.504434E-4	1.228098E-2
7.85E-3	2.577753E-4	-1.098459E-2	2.505662E-4	1.228348E-2
7.86E-3	2.576654E-4	-1.098211E-2	2.506891E-4	1.228598E-2
7.87E-3	2.575556E-4	-1.097963E-2	2.50812E-4	1.228848E-2
7.88E-3	2.574459E-4	-1.097715E-2	2.509349E-4	1.229098E-2
7.89E-3	2.573361E-4	-1.097466E-2	2.510578E-4	1.229348E-2
7.9E-3	2.572264E-4	-1.097218E-2	2.511807E-4	1.229598E-2
7.91E-3	2.571167E-4	-1.09697E-2	2.513037E-4	1.229848E-2
7.92E-3	2.57007E-4	-1.096721E-2	2.514267E-4	1.230098E-2
7.93E-3	2.568973E-4	-1.096473E-2	2.515497E-4	1.230348E-2
7.94E-3	2.567877E-4	-1.096225E-2	2.516728E-4	1.230598E-2
7.95E-3	2.566781E-4	-1.095976E-2	2.517958E-4	1.230848E-2
7.96E-3	2.565685E-4	-1.095728E-2	2.519189E-4	1.231098E-2
7.97E-3	2.564589E-4	-1.095479E-2	2.520421E-4	1.231347E-2
7.98E-3	2.563494E-4	-1.095231E-2	2.521652E-4	1.231597E-2
7.99E-3	2.562399E-4	-1.094982E-2	2.522884E-4	1.231847E-2
8E-3	2.561304E-4	-1.094734E-2	2.524116E-4	1.232096E-2
8.01E-3	2.560209E-4	-1.094485E-2	2.525348E-4	1.232346E-2
8.02E-3	2.559115E-4	-1.094237E-2	2.526581E-4	1.232595E-2
8.03E-3	2.558021E-4	-1.093988E-2	2.527813E-4	1.232845E-2
8.04E-3	2.556927E-4	-1.09374E-2	2.529046E-4	1.233094E-2
8.05E-3	2.555833E-4	-1.093491E-2	2.530279E-4	1.233344E-2
8.06E-3	2.55474E-4	-1.093242E-2	2.531513E-4	1.233593E-2
8.07E-3	2.553647E-4	-1.092994E-2	2.532747E-4	1.233842E-2
8.08E-3	2.552554E-4	-1.092745E-2	2.533981E-4	1.234092E-2
8.09E-3	2.551461E-4	-1.092496E-2	2.535215E-4	1.234341E-2
8.1E-3	2.550369E-4	-1.092248E-2	2.536449E-4	1.23459E-2
8.11E-3	2.549277E-4	-1.091999E-2	2.537684E-4	1.234839E-2
8.12E-3	2.548185E-4	-1.09175E-2	2.538919E-4	1.235088E-2
8.13E-3	2.547093E-4	-1.091501E-2	2.540154E-4	1.235337E-2
8.14E-3	2.546002E-4	-1.091252E-2	2.54139E-4	1.235586E-2
8.15E-3	2.544911E-4	-1.091003E-2	2.542625E-4	1.235835E-2
8.16E-3	2.54382E-4	-1.090754E-2	2.543861E-4	1.236084E-2
8.17E-3	2.542729E-4	-1.090506E-2	2.545097E-4	1.236333E-2
8.18E-3	2.541639E-4	-1.090257E-2	2.546334E-4	1.236582E-2
8.19E-3	2.540549E-4	-1.090008E-2	2.547571E-4	1.236831E-2
8.2E-3	2.539459E-4	-1.089759E-2	2.548808E-4	1.23708E-2
8.21E-3	2.538369E-4	-1.08951E-2	2.550045E-4	1.237328E-2
8.22E-3	2.53728E-4	-1.089261E-2	2.551282E-4	1.237577E-2
8.23E-3	2.536191E-4	-1.089011E-2	2.55252E-4	1.237826E-2
8.24E-3	2.535102E-4	-1.088762E-2	2.553758E-4	1.238074E-2
8.25E-3	2.534013E-4	-1.088513E-2	2.554996E-4	1.238323E-2
8.26E-3	2.532925E-4	-1.088264E-2	2.556235E-4	1.238571E-2
8.27E-3	2.531837E-4	-1.088015E-2	2.557473E-4	1.23882E-2
8.28E-3	2.530749E-4	-1.087766E-2	2.558712E-4	1.239068E-2
8.29E-3	2.529661E-4	-1.087517E-2	2.559951E-4	1.239317E-2
8.3E-3	2.528574E-4	-1.087267E-2	2.561191E-4	1.239565E-2
8.31E-3	2.527487E-4	-1.087018E-2	2.562431E-4	1.239813E-2
8.32E-3	2.5264E-4	-1.086769E-2	2.56367E-4	1.240062E-2
8.33E-3	2.525313E-4	-1.086519E-2	2.564911E-4	1.24031E-2
8.34E-3	2.524227E-4	-1.08627E-2	2.566151E-4	1.240558E-2
8.35E-3	2.523141E-4	-1.086021E-2	2.567392E-4	1.240806E-2
8.36E-3	2.522055E-4	-1.085771E-2	2.568633E-4	1.241054E-2
8.37E-3	2.520969E-4	-1.085522E-2	2.569874E-4	1.241302E-2
8.38E-3	2.519884E-4	-1.085272E-2	2.571115E-4	1.24155E-2
8.39E-3	2.518798E-4	-1.085023E-2	2.572357E-4	1.241798E-2
8.4E-3	2.517714E-4	-1.084773E-2	2.573599E-4	1.242046E-2
8.41E-3	2.516629E-4	-1.084524E-2	2.574841E-4	1.242294E-2
8.42E-3	2.515545E-4	-1.084274E-2	2.576083E-4	1.242542E-2
8.43E-3	2.51446E-4	-1.084025E-2	2.577326E-4	1.24279E-2
8.44E-3	2.513376E-4	-1.083775E-2	2.578569E-4	1.243038E-2
8.45E-3	2.512293E-4	-1.083526E-2	2.579812E-4	1.243285E-2
8.46E-3	2.511209E-4	-1.083276E-2	2.581056E-4	1.243533E-2
8.47E-3	2.510126E-4	-1.083026E-2	2.582299E-4	1.243781E-2
8.48E-3	2.509043E-4	-1.082777E-2	2.583543E-4	1.244028E-2
8.49E-3	2.507961E-4	-1.082527E-2	2.584787E-4	1.244276E-2
8.5E-3	2.506878E-4	-1.082277E-2	2.586032E-4	1.244523E-2
8.51E-3	2.505796E-4	-1.082027E-2	2.587276E-4	1.244771E-2
8.52E-3	2.504714E-4	-1.081777E-2	2.588521E-4	1.245018E-2
8.53E-3	2.503633E-4	-1.081528E-2	2.589766E-4	1.245266E-2
8.54E-3	2.502551E-4	-1.081278E-2	2.591012E-4	1.245513E-2
8.55E-3	2.50147E-4	-1.081028E-2	2.592257E-4	1.245761E-2
8.56E-3	2.500389E-4	-1.080778E-2	2.593503E-4	1.246008E-2
8.57E-3	2.499308E-4	-1.080528E-2	2.594749E-4	1.246255E-2
8.58E-3	2.498228E-4	-1.080278E-2	2.595996E-4	1.246502E-2
8.59E-3	2.497148E-4	-1.080028E-2	2.597242E-4	1.24675E-2
8.6E-3	2.496068E-4	-1.079778E-2	2.598489E-4	1.246997E-2
8.61E-3	2.494988E-4	-1.079528E-2	2.599736E-4	1.247244E-2
8.62E-3	2.493909E-4	-1.079278E-2	2.600984E-4	1.247491E-2
8.63E-3	2.49283E-4	-1.079028E-2	2.602231E-4	1.247738E-2
8.64E-3	2.491751E-4	-1.078778E-2	2.603479E-4	1.247985E-2
8.65E-3	2.490672E-4	-1.078528E-2	2.604727E-4	1.248232E-2
8.66E-3	2.489594E-4	-1.078278E-2	2.605976E-4	1.248479E-2
8.67E-3	2.488516E-4	-1.078027E-2	2.607224E-4	1.248726E-2
8.68E-3	2.487438E-4	-1.077777E-2	2.608473E-4	1.248972E-2
8.69E-3	2.48636E-4	-1.077527E-2	2.609722E-4	1.249219E-2
8.7E-3	2.485283E-4	-1.077277E-2	2.610972E-4	1.249466E-2
8.71E-3	2.484206E-4	-1.077026E-2	2.612221E-4	1.249713E-2
8.72E-3	2.483129E-4	-1.076776E-2	2.613471E-4	1.249959E-2
8.73E-3	2.482052E-4	-1.076526E-2	2.614721E-4	1.250206E-2
8.74E-3	2.480976E-4	-1.076275E-2	2.615971E-4	1.250452E-2
8.75E-3	2.479899E-4	-1.076025E-2	2.617222E-4	1.250699E-2
8.76E-3	2.478824E-4	-1.075774E-2	2.618473E-4	1.250946E-2
8.77E-3	2.477748E-4	-1.075524E-2	2.619724E-4	1.251192E-2
8.7859E-3	2.476058E-4	-1.050715E-2	2.621693E-4	1.225756E-2
8.8018E-3	2.474407E-4	-1.025922E-2	2.623622E-4	1.2003E-2
8.8177E-3	2.472795E-4	-1.001146E-2	2.62551E-4	1.174826E-2
8.8336E-3	2.471223E-4	-9.763847E-3	2.627358E-4	1.149333E-2
8.8495E-3	2.46969E-4	-9.51639E-3	2.629165E-4	1.123821E-2
8.8654E-3	2.468197E-4	-9.269081E-3	2.630932E-4	1.098293E-2
8.8813E-3	2.466743E-4	-9.021916E-3	2.632658E-4	1.072747E-2
8.8972E-3	2.465328E-4	-8.774893E-3	2.634343E-4	1.047184E-2
8.9131E-3	2.463952E-4	-8.528006E-3	2.635988E-4	1.021604E-2
8.929E-3	2.462616E-4	-8.281253E-3	2.637592E-4	9.960085E-3
8.9449E-3	2.461319E-4	-8.034629E-3	2.639155E-4	9.703972E-3
8.9608E-3	2.460061E-4	-7.78813E-3	2.640677E-4	9.447706E-3
8.9767E-3	2.458842E-4	-7.541753E-3	2.642159E-4	9.191292E-3
8.9926E-3	2.457663E-4	-7.295494E-3	2.6436E-4	8.934733E-3
9.0085E-3	2.456522E-4	-7.049348E-3	2.645E-4	8.678033E-3
9.0244E-3	2.455421E-4	-6.803313E-3	2.64636E-4	8.421196E-3
9.0403E-3	2.454359E-4	-6.557384E-3	2.647678E-4	8.164227E-3
9.0562E-3	2.453336E-4	-6.311557E-3	2.648956E-4	7.907129E-3
9.0721E-3	2.452352E-4	-6.065829E-3	2.650193E-4	7.649906E-3
9.088E-3	2.451407E-4	-5.820195E-3	2.651389E-4	7.392563E-3
9.1039E-3	2.450501E-4	-5.574653E-3	2.652544E-4	7.135104E-3
9.1198E-3	2.449634E-4	-5.329197E-3	2.653658E-4	6.877532E-3
9.1357E-3	2.448806E-4	-5.083825E-3	2.654731E-4	6.619852E-3
9.1516E-3	2.448017E-4	-4.838532E-3	2.655763E-4	6.362067E-3
9.1675E-3	2.447267E-4	-4.593314E-3	2.656754E-4	6.104183E-3
9.1834E-3	2.446557E-4	-4.348169E-3	2.657704E-4	5.846202E-3
9.1993E-3	2.445885E-4	-4.103091E-3	2.658613E-4	5.588129E-3
9.2152E-3	2.445252E-4	-3.858078E-3	2.659481E-4	5.329967E-3
9.2311E-3	2.444658E-4	-3.613124E-3	2.660308E-4	5.071722E-3
9.247E-3	2.444103E-4	-3.368228E-3	2.661094E-4	4.813397E-3
9.2629E-3	2.443587E-4	-3.123384E-3	2.661839E-4	4.554996E-3
9.2788E-3	2.44311E-4	-2.878588E-3	2.662542E-4	4.296523E-3
9.2947E-3	2.442671E-4	-2.633838E-3	2.663205E-4	4.037983E-3
9.3106E-3	2.442272E-4	-2.389129E-3	2.663826E-4	3.779378E-3
9.3265E-3	2.441912E-4	-2.144458E-3	2.664407E-4	3.520715E-3
9.3424E-3	2.44159E-4	-1.899819E-3	2.664946E-4	3.261995E-3
9.3583E-3	2.441308E-4	-1.655211E-3	2.665444E-4	3.003225E-3
9.3742E-3	2.441064E-4	-1.410629E-3	2.665901E-4	2.744406E-3
9.3901E-3	2.440859E-4	-1.166069E-3	2.666317E-4	2.485545E-3
9.406E-3	2.440693E-4	-9.215267E-4	2.666691E-4	2.226644E-3
9.4219E-3	2.440566E-4	-6.769993E-4	2.667025E-4	1.967708E-3
9.4378E-3	2.440478E-4	-4.324826E-4	2.667317E-4	1.708741E-3
9.4537E-3	2.440428E-4	-1.879728E-4	2.667568E-4	1.449747E-3
9.4696E-3	2.440418E-4	5.653397E-5	2.667778E-4	1.19073E-3
9.4855E-3	2.440446E-4	3.010415E-4	2.667947E-4	9.316942E-4
9.5014E-3	2.440514E-4	5.455535E-4	2.668074E-4	6.726436E-4
9.5173E-3	2.44062E-4	7.900739E-4	2.668161E-4	4.135822E-4
9.5332E-3	2.440765E-4	1.034607E-3	2.668206E-4	1.545142E-4
9.5491E-3	2.440949E-4	1.279155E-3	2.66821E-4	-1.045564E-4
9.565E-3	2.441172E-4	1.523723E-3	2.668173E-4	-3.636254E-4
9.5809E-3	2.441433E-4	1.768315E-3	2.668094E-4	-6.226889E-4
9.5968E-3	2.441734E-4	2.012935E-3	2.667975E-4	-8.817426E-4
9.6127E-3	2.442073E-4	2.257586E-3	2.667814E-4	-1.140783E-3
9.6286E-3	2.442452E-4	2.502271E-3	2.667612E-4	-1.399805E-3
9.6445E-3	2.442869E-4	2.746996E-3	2.667369E-4	-1.658805E-3
9.6604E-3	2.443325E-4	2.991763E-3	2.667084E-4	-1.91778E-3
9.6763E-3	2.443821E-4	3.236577E-3	2.666759E-4	-2.176724E-3
9.6922E-3	2.444355E-4	3.481441E-3	2.666392E-4	-2.435634E-3
9.7081E-3	2.444928E-4	3.72636E-3	2.665984E-4	-2.694506E-3
9.724E-3	2.44554E-4	3.971336E-3	2.665535E-4	-2.953336E-3
9.7399E-3	2.446191E-4	4.216374E-3	2.665045E-4	-3.212119E-3
9.7558E-3	2.44688E-4	4.461478E-3	2.664514E-4	-3.470852E-3
9.7717E-3	2.447609E-4	4.706651E-3	2.663941E-4	-3.729531E-3
9.7876E-3	2.448377E-4	4.951897E-3	2.663328E-4	-3.988151E-3
9.8035E-3	2.449184E-4	5.19722E-3	2.662673E-4	-4.246708E-3
9.8194E-3	2.45003E-4	5.442625E-3	2.661977E-4	-4.505198E-3
9.8353E-3	2.450915E-4	5.688114E-3	2.661241E-4	-4.763618E-3
9.8512E-3	2.451839E-4	5.933691E-3	2.660463E-4	-5.021963E-3
9.8671E-3	2.452802E-4	6.179361E-3	2.659644E-4	-5.280229E-3
9.883E-3	2.453804E-4	6.425128E-3	2.658783E-4	-5.538413E-3
9.8989E-3	2.454845E-4	6.670994E-3	2.657882E-4	-5.796509E-3
9.9148E-3	2.455925E-4	6.916964E-3	2.65694E-4	-6.054514E-3
9.9307E-3	2.457045E-4	7.163042E-3	2.655957E-4	-6.312424E-3
9.9466E-3	2.458203E-4	7.409231E-3	2.654933E-4	-6.570234E-3
9.9625E-3	2.459401E-4	7.655536E-3	2.653868E-4	-6.827942E-3
9.9784E-3	2.460637E-4	7.90196E-3	2.652762E-4	-7.085542E-3
9.9943E-3	2.461913E-4	8.148507E-3	2.651614E-4	-7.343031E-3
1.00102E-2	2.463229E-4	8.395181E-3	2.650426E-4	-7.600404E-3
1.00261E-2	2.464583E-4	8.641986E-3	2.649198E-4	-7.857658E-3
1.0042E-2	2.465977E-4	8.888926E-3	2.647928E-4	-8.114788E-3
1.00579E-2	2.46741E-4	9.136004E-3	2.646617E-4	-8.371791E-3
1.00738E-2	2.468882E-4	9.383224E-3	2.645266E-4	-8.628662E-3
1.00897E-2	2.470394E-4	9.63059E-3	2.643873E-4	-8.885398E-3
1.01056E-2	2.471945E-4	9.878107E-3	2.64244E-4	-9.141993E-3
1.01215E-2	2.473535E-4	1.012578E-2	2.640966E-4	-9.398445E-3
1.01374E-2	2.475165E-4	1.037361E-2	2.639451E-4	-9.65475E-3
1.01533E-2	2.476834E-4	1.06216E-2	2.637896E-4	-9.910902E-3
1.01692E-2	2.478542E-4	1.086975E-2	2.6363E-4	-1.01669E-2
1.01851E-2	2.48029E-4	1.111808E-2	2.634663E-4	-1.042274E-2
1.0201E-2	2.482078E-4	1.136657E-2	2.632985E-4	-1.067841E-2
1.02169E-2	2.483905E-4	1.161525E-2	2.631267E-4	-1.093391E-2
1.02328E-2	2.485772E-4	1.186411E-2	2.629508E-4	-1.118925E-2
1.02487E-2	2.487678E-4	1.211315E-2	2.627709E-4	-1.14444E-2
1.02646E-2	2.489624E-4	1.236238E-2	2.625869E-4	-1.169938E-2
1.02805E-2	2.491609E-4	1.26118E-2	2.623988E-4	-1.195417E-2
1.02964E-2	2.493634E-4	1.286142E-2	2.622067E-4	-1.220878E-2
1.03123E-2	2.495699E-4	1.311124E-2	2.620106E-4	-1.246319E-2
1.03282E-2	2.497803E-4	1.336126E-2	2.618104E-4	-1.271741E-2
1.03441E-2	2.499948E-4	1.361149E-2	2.616062E-4	-1.297143E-2
1.036E-2	2.502132E-4	1.386194E-2	2.613979E-4	-1.322524E-2
1.037E-2	2.503518E-4	1.386443E-2	2.612657E-4	-1.322278E-2
1.038E-2	2.504905E-4	1.386691E-2	2.611335E-4	-1.322032E-2
1.039E-2	2.506292E-4	1.38694E-2	2.610013E-4	-1.321786E-2
1.04E-2	2.507679E-4	1.387189E-2	2.608691E-4	-1.32154E-2
1.041E-2	2.509066E-4	1.387438E-2	2.60737E-4	-1.321295E-2
1.042E-2	2.510454E-4	1.387686E-2	2.606049E-4	-1.321049E-2
1.043E-2	2.511841E-4	1.387935E-2	2.604728E-4	-1.320803E-2
1.044E-2	2.513229E-4	1.388183E-2	2.603407E-4	-1.320557E-2
1.045E-2	2.514618E-4	1.388432E-2	2.602087E-4	-1.320311E-2
1.046E-2	2.516006E-4	1.38868E-2	2.600766E-4	-1.320065E-2
1.047E-2	2.517395E-4	1.388929E-2	2.599446E-4	-1.319818E-2
1.048E-2	2.518784E-4	1.389177E-2	2.598127E-4	-1.319572E-2
1.049E-2	2.520173E-4	1.389426E-2	2.596807E-4	-1.319326E-2
1.05E-2	2.521563E-4	1.389674E-2	2.595488E-4	-1.31908E-2
1.051E-2	2.522953E-4	1.389922E-2	2.594169E-4	-1.318834E-2
1.052E-2	2.524343E-4	1.39017E-2	2.59285E-4	-1.318587E-2
1.053E-2	2.525733E-4	1.390418E-2	2.591532E-4	-1.318341E-2
1.054E-2	2.527124E-4	1.390667E-2	2.590214E-4	-1.318095E-2
1.055E-2	2.528515E-4	1.390915E-2	2.588896E-4	-1.317848E-2
1.056E-2	2.529906E-4	1.391163E-2	2.587578E-4	-1.317602E-2
1.057E-2	2.531297E-4	1.391411E-2	2.586261E-4	-1.317356E-2
1.058E-2	2.532688E-4	1.391659E-2	2.584943E-4	-1.317109E-2
1.059E-2	2.53408E-4	1.391907E-2	2.583626E-4	-1.316863E-2
1.06E-2	2.535472E-4	1.392154E-2	2.58231E-4	-1.316616E-2
1.061E-2	2.536864E-4	1.392402E-2	2.580993E-4	-1.31637E-2
1.062E-2	2.538257E-4	1.39265E-2	2.579677E-4	-1.316123E-2
1.063E-2	2.53965E-4	1.392898E-2	2.578361E-4	-1.315876E-2
1.064E-2	2.541043E-4	1.393145E-2	2.577045E-4	-1.31563E-2
1.065E-2	2.542436E-4	1.393393E-2	2.57573E-4	-1.315383E-2
1.066E-2	2.54383E-4	1.393641E-2	2.574414E-4	-1.315136E-2
1.067E-2	2.545223E-4	1.393888E-2	2.573099E-4	-1.31489E-2
1.068E-2	2.546617E-4	1.394136E-2	2.571785E-4	-1.314643E-2
1.069E-2	2.548012E-4	1.394383E-2	2.57047E-4	-1.314396E-2
1.07E-2	2.549406E-4	1.394631E-2	2.569156E-4	-1.314149E-2
1.071E-2	2.550801E-4	1.394878E-2	2.567842E-4	-1.313902E-2
1.072E-2	2.552196E-4	1.395125E-2	2.566528E-4	-1.313656E-2
1.073E-2	2.553591E-4	1.395373E-2	2.565214E-4	-1.313409E-2
1.074E-2	2.554987E-4	1.39562E-2	2.563901E-4	-1.313162E-2
1.075E-2	2.556382E-4	1.395867E-2	2.562588E-4	-1.312915E-2
1.076E-2	2.557778E-4	1.396114E-2	2.561275E-4	-1.312668E-2
1.077E-2	2.559175E-4	1.396361E-2	2.559963E-4	-1.312421E-2
1.078E-2	2.560571E-4	1.396608E-2	2.55865E-4	-1.312173E-2
1.079E-2	2.561968E-4	1.396855E-2	2.557338E-4	-1.311926E-2
1.08E-2	2.563365E-4	1.397102E-2	2.556027E-4	-1.311679E-2
1.081E-2	2.564762E-4	1.397349E-2	2.554715E-4	-1.311432E-2
1.082E-2	2.566159E-4	1.397596E-2	2.553404E-4	-1.311185E-2
1.083E-2	2.567557E-4	1.397843E-2	2.552093E-4	-1.310938E-2
1.084E-2	2.568955E-4	1.39809E-2	2.550782E-4	-1.31069E-2
1.085E-2	2.570353E-4	1.398337E-2	2.549471E-4	-1.310443E-2
1.086E-2	2.571752E-4	1.398583E-2	2.548161E-4	-1.310196E-2
1.087E-2	2.573151E-4	1.39883E-2	2.546851E-4	-1.309948E-2
1.088E-2	2.574549E-4	1.399077E-2	2.545541E-4	-1.309701E-2
1.089E-2	2.575949E-4	1.399323E-2	2.544231E-4	-1.309453E-2
1.09E-2	2.577348E-4	1.39957E-2	2.542922E-4	-1.309206E-2
1.091E-2	2.578748E-4	1.399817E-2	2.541613E-4	-1.308958E-2
1.092E-2	2.580148E-4	1.400063E-2	2.540304E-4	-1.308711E-2
1.093E-2	2.581548E-4	1.400309E-2	2.538996E-4	-1.308463E-2
1.094E-2	2.582948E-4	1.400556E-2	2.537687E-4	-1.308215E-2
1.095E-2	2.584349E-4	1.400802E-2	2.536379E-4	-1.307968E-2
1.096E-2	2.58575E-4	1.401049E-2	2.535071E-4	-1.30772E-2
1.097E-2	2.587151E-4	1.401295E-2	2.533764E-4	-1.307472E-2
1.098E-2	2.588553E-4	1.401541E-2	2.532456E-4	-1.307225E-2
1.099E-2	2.589954E-4	1.401787E-2	2.531149E-4	-1.306977E-2
1.1E-2	2.591356E-4	1.402033E-2	2.529842E-4	-1.306729E-2
1.101E-2	2.592758E-4	1.40228E-2	2.528536E-4	-1.306481E-2
1.102E-2	2.594161E-4	1.402526E-2	2.52723E-4	-1.306233E-2
1.103E-2	2.595563E-4	1.402772E-2	2.525923E-4	-1.305985E-2
1.104E-2	2.596966E-4	1.403018E-2	2.524618E-4	-1.305737E-2
1.105E-2	2.598369E-4	1.403264E-2	2.523312E-4	-1.305489E-2
1.106E-2	2.599773E-4	1.40351E-2	2.522007E-4	-1.305241E-2
1.107E-2	2.601176E-4	1.403755E-2	2.520701E-4	-1.304993E-2
1.108E-2	2.60258E-4	1.404001E-2	2.519397E-4	-1.304745E-2
1.109E-2	2.603984E-4	1.404247E-2	2.518092E-4	-1.304497E-2
1.11E-2	2.605389E-4	1.404493E-2	2.516788E-4	-1.304249E-2
1.111E-2	2.606793E-4	1.404739E-2	2.515483E-4	-1.304001E-2
1.112E-2	2.608198E-4	1.404984E-2	2.51418E-4	-1.303752E-2
1.113E-2	2.609603E-4	1.40523E-2	2.512876E-4	-1.303504E-2
1.114E-2	2.611009E-4	1.405475E-2	2.511573E-4	-1.303256E-2
1.115E-2	2.612414E-4	1.405721E-2	2.510269E-4	-1.303008E-2
1.116E-2	2.61382E-4	1.405966E-2	2.508967E-4	-1.302759E-2
1.117E-2	2.615226E-4	1.406212E-2	2.507664E-4	-1.302511E-2
1.118E-2	2.616633E-4	1.406457E-2	2.506362E-4	-1.302262E-2
1.119E-2	2.618039E-4	1.406703E-2	2.505059E-4	-1.302014E-2
1.12E-2	2.619446E-4	1.406948E-2	2.503758E-4	-1.301765E-2
1.121E-2	2.620853E-4	1.407193E-2	2.502456E-4	-1.301517E-2
1.122E-2	2.62226E-4	1.407439E-2	2.501154E-4	-1.301268E-2
1.123E-2	2.623668E-4	1.407684E-2	2.499853E-4	-1.30102E-2
1.124E-2	2.625076E-4	1.407929E-2	2.498552E-4	-1.300771E-2
1.125E-2	2.626484E-4	1.408174E-2	2.497252E-4	-1.300522E-2
1.126E-2	2.627892E-4	1.408419E-2	2.495951E-4	-1.300273E-2
1.127E-2	2.629301E-4	1.408664E-2	2.494651E-4	-1.300025E-2
1.128E-2	2.630709E-4	1.408909E-2	2.493351E-4	-1.299776E-2
1.129E-2	2.632118E-4	1.409154E-2	2.492052E-4	-1.299527E-2
1.13E-2	2.633528E-4	1.409399E-2	2.490752E-4	-1.299278E-2
1.131E-2	2.634937E-4	1.409644E-2	2.489453E-4	-1.299029E-2
1.132E-2	2.636347E-4	1.409889E-2	2.488154E-4	-1.29878E-2
1.133E-2	2.637757E-4	1.410134E-2	2.486856E-4	-1.298531E-2
1.134E-2	2.639167E-4	1.410379E-2	2.485557E-4	-1.298282E-2
1.135E-2	2.640578E-4	1.410623E-2	2.484259E-4	-1.298033E-2
1.136E-2	2.641989E-4	1.410868E-2	2.482961E-4	-1.297784E-2
